<?xml version="1.0" encoding="UTF-8"?>
<testsuite name="yoon.test.boardPrac.BoardPracApplicationTests" tests="1" skipped="0" failures="0" errors="0" timestamp="2024-07-05T10:14:35" hostname="YOON" time="1.473">
  <properties/>
  <testcase name="duplicateTest()" classname="yoon.test.boardPrac.BoardPracApplicationTests" time="1.473"/>
  <system-out><![CDATA[19:14:30.905 [Test worker] INFO org.springframework.test.context.support.AnnotationConfigContextLoaderUtils -- Could not detect default configuration classes for test class [yoon.test.boardPrac.BoardPracApplicationTests]: BoardPracApplicationTests does not declare any static, non-private, non-final, nested classes annotated with @Configuration.
19:14:31.013 [Test worker] INFO org.springframework.boot.test.context.SpringBootTestContextBootstrapper -- Found @SpringBootConfiguration yoon.test.boardPrac.BoardPracApplication for test class yoon.test.boardPrac.BoardPracApplicationTests

  .   ____          _            __ _ _
 /\\ / ___'_ __ _ _(_)_ __  __ _ \ \ \ \
( ( )\___ | '_ | '_| | '_ \/ _` | \ \ \ \
 \\/  ___)| |_)| | | | | || (_| |  ) ) ) )
  '  |____| .__|_| |_|_| |_\__, | / / / /
 =========|_|==============|___/=/_/_/_/

 :: Spring Boot ::                (v3.3.1)

2024-07-05T19:14:31.442+09:00  INFO 10616 --- [boardPrac] [    Test worker] y.t.boardPrac.BoardPracApplicationTests  : Starting BoardPracApplicationTests using Java 17.0.7 with PID 10616 (started by user in C:\springPrj\boardPrac\boardPrac)
2024-07-05T19:14:31.444+09:00  INFO 10616 --- [boardPrac] [    Test worker] y.t.boardPrac.BoardPracApplicationTests  : No active profile set, falling back to 1 default profile: "default"
2024-07-05T19:14:32.162+09:00  INFO 10616 --- [boardPrac] [    Test worker] .s.d.r.c.RepositoryConfigurationDelegate : Bootstrapping Spring Data JPA repositories in DEFAULT mode.
2024-07-05T19:14:32.235+09:00  INFO 10616 --- [boardPrac] [    Test worker] .s.d.r.c.RepositoryConfigurationDelegate : Finished Spring Data repository scanning in 64 ms. Found 4 JPA repository interfaces.
2024-07-05T19:14:32.735+09:00  INFO 10616 --- [boardPrac] [    Test worker] o.hibernate.jpa.internal.util.LogHelper  : HHH000204: Processing PersistenceUnitInfo [name: default]
2024-07-05T19:14:32.829+09:00  INFO 10616 --- [boardPrac] [    Test worker] org.hibernate.Version                    : HHH000412: Hibernate ORM core version 6.5.2.Final
2024-07-05T19:14:32.877+09:00  INFO 10616 --- [boardPrac] [    Test worker] o.h.c.internal.RegionFactoryInitiator    : HHH000026: Second-level cache disabled
2024-07-05T19:14:33.261+09:00  INFO 10616 --- [boardPrac] [    Test worker] o.s.o.j.p.SpringPersistenceUnitInfo      : No LoadTimeWeaver setup: ignoring JPA class transformer
2024-07-05T19:14:33.293+09:00  INFO 10616 --- [boardPrac] [    Test worker] com.zaxxer.hikari.HikariDataSource       : HikariPool-1 - Starting...
2024-07-05T19:14:33.405+09:00  INFO 10616 --- [boardPrac] [    Test worker] com.zaxxer.hikari.pool.HikariPool        : HikariPool-1 - Added connection org.mariadb.jdbc.Connection@224e6e88
2024-07-05T19:14:33.407+09:00  INFO 10616 --- [boardPrac] [    Test worker] com.zaxxer.hikari.HikariDataSource       : HikariPool-1 - Start completed.
2024-07-05T19:14:34.476+09:00  INFO 10616 --- [boardPrac] [    Test worker] o.h.e.t.j.p.i.JtaPlatformInitiator       : HHH000489: No JTA platform available (set 'hibernate.transaction.jta.platform' to enable JTA platform integration)
2024-07-05T19:14:34.542+09:00  INFO 10616 --- [boardPrac] [    Test worker] j.LocalContainerEntityManagerFactoryBean : Initialized JPA EntityManagerFactory for persistence unit 'default'
2024-07-05T19:14:34.931+09:00  WARN 10616 --- [boardPrac] [    Test worker] .s.s.UserDetailsServiceAutoConfiguration : 

Using generated security password: 06bb326a-e5c1-46fc-b3bd-b2274b6727f4

This generated password is for development use only. Your security configuration must be updated before running your application in production.

2024-07-05T19:14:34.940+09:00  INFO 10616 --- [boardPrac] [    Test worker] r$InitializeUserDetailsManagerConfigurer : Global AuthenticationManager configured with UserDetailsService bean with name inMemoryUserDetailsManager
2024-07-05T19:14:35.616+09:00  INFO 10616 --- [boardPrac] [    Test worker] y.t.boardPrac.BoardPracApplicationTests  : Started BoardPracApplicationTests in 4.435 seconds (process running for 5.854)
Hibernate: insert into users (name) values (?) returning user_id
Hibernate: insert into users (name) values (?) returning user_id
Hibernate: insert into users (name) values (?) returning user_id
Hibernate: insert into users (name) values (?) returning user_id
Hibernate: insert into users (name) values (?) returning user_id
Hibernate: insert into users (name) values (?) returning user_id
Hibernate: insert into users (name) values (?) returning user_id
Hibernate: insert into users (name) values (?) returning user_id
Hibernate: insert into users (name) values (?) returning user_id
Hibernate: insert into users (name) values (?) returning user_id
2024-07-05T19:14:36.259+09:00  WARN 10616 --- [boardPrac] [ool-2-thread-75] o.m.jdbc.message.server.ErrorPacket      : Error: 1062-23000: Duplicate entry 'dup5' for key 'name'
2024-07-05T19:14:36.259+09:00  WARN 10616 --- [boardPrac] [ool-2-thread-24] o.m.jdbc.message.server.ErrorPacket      : Error: 1062-23000: Duplicate entry 'dup5' for key 'name'
2024-07-05T19:14:36.259+09:00  WARN 10616 --- [boardPrac] [ool-2-thread-90] o.m.jdbc.message.server.ErrorPacket      : Error: 1062-23000: Duplicate entry 'dup5' for key 'name'
2024-07-05T19:14:36.259+09:00  WARN 10616 --- [boardPrac] [ool-2-thread-93] o.m.jdbc.message.server.ErrorPacket      : Error: 1062-23000: Duplicate entry 'dup5' for key 'name'
2024-07-05T19:14:36.259+09:00  WARN 10616 --- [boardPrac] [ool-2-thread-13] o.m.jdbc.message.server.ErrorPacket      : Error: 1062-23000: Duplicate entry 'dup5' for key 'name'
2024-07-05T19:14:36.259+09:00  WARN 10616 --- [boardPrac] [pool-2-thread-6] o.m.jdbc.message.server.ErrorPacket      : Error: 1062-23000: Duplicate entry 'dup5' for key 'name'
2024-07-05T19:14:36.259+09:00  WARN 10616 --- [boardPrac] [ol-2-thread-102] o.m.jdbc.message.server.ErrorPacket      : Error: 1062-23000: Duplicate entry 'dup5' for key 'name'
2024-07-05T19:14:36.259+09:00  WARN 10616 --- [boardPrac] [ool-2-thread-40] o.m.jdbc.message.server.ErrorPacket      : Error: 1062-23000: Duplicate entry 'dup5' for key 'name'
2024-07-05T19:14:36.259+09:00  WARN 10616 --- [boardPrac] [ool-2-thread-69] o.m.jdbc.message.server.ErrorPacket      : Error: 1062-23000: Duplicate entry 'dup5' for key 'name'
2024-07-05T19:14:36.261+09:00  WARN 10616 --- [boardPrac] [ool-2-thread-75] o.h.engine.jdbc.spi.SqlExceptionHelper   : SQL Error: 1062, SQLState: 23000
2024-07-05T19:14:36.261+09:00  WARN 10616 --- [boardPrac] [ool-2-thread-90] o.h.engine.jdbc.spi.SqlExceptionHelper   : SQL Error: 1062, SQLState: 23000
2024-07-05T19:14:36.261+09:00  WARN 10616 --- [boardPrac] [ool-2-thread-13] o.h.engine.jdbc.spi.SqlExceptionHelper   : SQL Error: 1062, SQLState: 23000
2024-07-05T19:14:36.261+09:00  WARN 10616 --- [boardPrac] [pool-2-thread-6] o.h.engine.jdbc.spi.SqlExceptionHelper   : SQL Error: 1062, SQLState: 23000
2024-07-05T19:14:36.262+09:00  WARN 10616 --- [boardPrac] [ool-2-thread-24] o.h.engine.jdbc.spi.SqlExceptionHelper   : SQL Error: 1062, SQLState: 23000
2024-07-05T19:14:36.261+09:00 ERROR 10616 --- [boardPrac] [ool-2-thread-75] o.h.engine.jdbc.spi.SqlExceptionHelper   : (conn=92) Duplicate entry 'dup5' for key 'name'
2024-07-05T19:14:36.262+09:00 ERROR 10616 --- [boardPrac] [ool-2-thread-24] o.h.engine.jdbc.spi.SqlExceptionHelper   : (conn=91) Duplicate entry 'dup5' for key 'name'
2024-07-05T19:14:36.261+09:00  WARN 10616 --- [boardPrac] [ool-2-thread-40] o.h.engine.jdbc.spi.SqlExceptionHelper   : SQL Error: 1062, SQLState: 23000
2024-07-05T19:14:36.261+09:00  WARN 10616 --- [boardPrac] [ool-2-thread-69] o.h.engine.jdbc.spi.SqlExceptionHelper   : SQL Error: 1062, SQLState: 23000
2024-07-05T19:14:36.262+09:00 ERROR 10616 --- [boardPrac] [ool-2-thread-90] o.h.engine.jdbc.spi.SqlExceptionHelper   : (conn=85) Duplicate entry 'dup5' for key 'name'
2024-07-05T19:14:36.262+09:00 ERROR 10616 --- [boardPrac] [pool-2-thread-6] o.h.engine.jdbc.spi.SqlExceptionHelper   : (conn=93) Duplicate entry 'dup5' for key 'name'
2024-07-05T19:14:36.262+09:00  WARN 10616 --- [boardPrac] [ol-2-thread-102] o.h.engine.jdbc.spi.SqlExceptionHelper   : SQL Error: 1062, SQLState: 23000
2024-07-05T19:14:36.262+09:00  WARN 10616 --- [boardPrac] [ool-2-thread-93] o.h.engine.jdbc.spi.SqlExceptionHelper   : SQL Error: 1062, SQLState: 23000
2024-07-05T19:14:36.262+09:00 ERROR 10616 --- [boardPrac] [ool-2-thread-40] o.h.engine.jdbc.spi.SqlExceptionHelper   : (conn=90) Duplicate entry 'dup5' for key 'name'
2024-07-05T19:14:36.262+09:00 ERROR 10616 --- [boardPrac] [ool-2-thread-69] o.h.engine.jdbc.spi.SqlExceptionHelper   : (conn=86) Duplicate entry 'dup5' for key 'name'
2024-07-05T19:14:36.262+09:00 ERROR 10616 --- [boardPrac] [ool-2-thread-13] o.h.engine.jdbc.spi.SqlExceptionHelper   : (conn=88) Duplicate entry 'dup5' for key 'name'
2024-07-05T19:14:36.262+09:00 ERROR 10616 --- [boardPrac] [ol-2-thread-102] o.h.engine.jdbc.spi.SqlExceptionHelper   : (conn=89) Duplicate entry 'dup5' for key 'name'
2024-07-05T19:14:36.262+09:00 ERROR 10616 --- [boardPrac] [ool-2-thread-93] o.h.engine.jdbc.spi.SqlExceptionHelper   : (conn=84) Duplicate entry 'dup5' for key 'name'
Hibernate: insert into users (name) values (?) returning user_id
2024-07-05T19:14:36.266+09:00  WARN 10616 --- [boardPrac] [ool-2-thread-92] o.m.jdbc.message.server.ErrorPacket      : Error: 1062-23000: Duplicate entry 'dup5' for key 'name'
2024-07-05T19:14:36.266+09:00  WARN 10616 --- [boardPrac] [ool-2-thread-92] o.h.engine.jdbc.spi.SqlExceptionHelper   : SQL Error: 1062, SQLState: 23000
2024-07-05T19:14:36.266+09:00 ERROR 10616 --- [boardPrac] [ool-2-thread-92] o.h.engine.jdbc.spi.SqlExceptionHelper   : (conn=87) Duplicate entry 'dup5' for key 'name'
Hibernate: insert into users (name) values (?) returning user_id
Hibernate: insert into users (name) values (?) returning user_id
Hibernate: insert into users (name) values (?) returning user_id
Hibernate: insert into users (name) values (?) returning user_id
Hibernate: insert into users (name) values (?) returning user_id
Hibernate: insert into users (name) values (?) returning user_id
Hibernate: insert into users (name) values (?) returning user_id
Hibernate: insert into users (name) values (?) returning user_id
Hibernate: insert into users (name) values (?) returning user_id
Hibernate: insert into users (name) values (?) returning user_id
could not execute statement [(conn=92) Duplicate entry 'dup5' for key 'name'] [insert into users (name) values (?) returning user_id]; SQL [insert into users (name) values (?) returning user_id]; constraint [name]
could not execute statement [(conn=91) Duplicate entry 'dup5' for key 'name'] [insert into users (name) values (?) returning user_id]; SQL [insert into users (name) values (?) returning user_id]; constraint [name]
could not execute statement [(conn=93) Duplicate entry 'dup5' for key 'name'] [insert into users (name) values (?) returning user_id]; SQL [insert into users (name) values (?) returning user_id]; constraint [name]
could not execute statement [(conn=86) Duplicate entry 'dup5' for key 'name'] [insert into users (name) values (?) returning user_id]; SQL [insert into users (name) values (?) returning user_id]; constraint [name]
could not execute statement [(conn=87) Duplicate entry 'dup5' for key 'name'] [insert into users (name) values (?) returning user_id]; SQL [insert into users (name) values (?) returning user_id]; constraint [name]
could not execute statement [(conn=89) Duplicate entry 'dup5' for key 'name'] [insert into users (name) values (?) returning user_id]; SQL [insert into users (name) values (?) returning user_id]; constraint [name]
could not execute statement [(conn=84) Duplicate entry 'dup5' for key 'name'] [insert into users (name) values (?) returning user_id]; SQL [insert into users (name) values (?) returning user_id]; constraint [name]
2024-07-05T19:14:36.280+09:00  WARN 10616 --- [boardPrac] [ool-2-thread-66] o.m.jdbc.message.server.ErrorPacket      : Error: 1062-23000: Duplicate entry 'dup5' for key 'name'
could not execute statement [(conn=88) Duplicate entry 'dup5' for key 'name'] [insert into users (name) values (?) returning user_id]; SQL [insert into users (name) values (?) returning user_id]; constraint [name]
2024-07-05T19:14:36.280+09:00  WARN 10616 --- [boardPrac] [ool-2-thread-35] o.m.jdbc.message.server.ErrorPacket      : Error: 1062-23000: Duplicate entry 'dup5' for key 'name'
could not execute statement [(conn=90) Duplicate entry 'dup5' for key 'name'] [insert into users (name) values (?) returning user_id]; SQL [insert into users (name) values (?) returning user_id]; constraint [name]
could not execute statement [(conn=85) Duplicate entry 'dup5' for key 'name'] [insert into users (name) values (?) returning user_id]; SQL [insert into users (name) values (?) returning user_id]; constraint [name]
2024-07-05T19:14:36.281+09:00  WARN 10616 --- [boardPrac] [ool-2-thread-66] o.h.engine.jdbc.spi.SqlExceptionHelper   : SQL Error: 1062, SQLState: 23000
2024-07-05T19:14:36.281+09:00  WARN 10616 --- [boardPrac] [ool-2-thread-48] o.m.jdbc.message.server.ErrorPacket      : Error: 1062-23000: Duplicate entry 'dup5' for key 'name'
2024-07-05T19:14:36.281+09:00 ERROR 10616 --- [boardPrac] [ool-2-thread-66] o.h.engine.jdbc.spi.SqlExceptionHelper   : (conn=93) Duplicate entry 'dup5' for key 'name'
2024-07-05T19:14:36.281+09:00  WARN 10616 --- [boardPrac] [ool-2-thread-19] o.m.jdbc.message.server.ErrorPacket      : Error: 1062-23000: Duplicate entry 'dup5' for key 'name'
2024-07-05T19:14:36.281+09:00  WARN 10616 --- [boardPrac] [ool-2-thread-43] o.m.jdbc.message.server.ErrorPacket      : Error: 1062-23000: Duplicate entry 'dup5' for key 'name'
2024-07-05T19:14:36.281+09:00  WARN 10616 --- [boardPrac] [ool-2-thread-45] o.m.jdbc.message.server.ErrorPacket      : Error: 1062-23000: Duplicate entry 'dup5' for key 'name'
2024-07-05T19:14:36.281+09:00  WARN 10616 --- [boardPrac] [pool-2-thread-3] o.m.jdbc.message.server.ErrorPacket      : Error: 1062-23000: Duplicate entry 'dup5' for key 'name'
2024-07-05T19:14:36.281+09:00  WARN 10616 --- [boardPrac] [ool-2-thread-35] o.h.engine.jdbc.spi.SqlExceptionHelper   : SQL Error: 1062, SQLState: 23000
2024-07-05T19:14:36.281+09:00  WARN 10616 --- [boardPrac] [ool-2-thread-48] o.h.engine.jdbc.spi.SqlExceptionHelper   : SQL Error: 1062, SQLState: 23000
2024-07-05T19:14:36.281+09:00 ERROR 10616 --- [boardPrac] [ool-2-thread-35] o.h.engine.jdbc.spi.SqlExceptionHelper   : (conn=86) Duplicate entry 'dup5' for key 'name'
2024-07-05T19:14:36.281+09:00 ERROR 10616 --- [boardPrac] [ool-2-thread-48] o.h.engine.jdbc.spi.SqlExceptionHelper   : (conn=90) Duplicate entry 'dup5' for key 'name'
2024-07-05T19:14:36.281+09:00  WARN 10616 --- [boardPrac] [ool-2-thread-43] o.h.engine.jdbc.spi.SqlExceptionHelper   : SQL Error: 1062, SQLState: 23000
2024-07-05T19:14:36.281+09:00  WARN 10616 --- [boardPrac] [ool-2-thread-19] o.h.engine.jdbc.spi.SqlExceptionHelper   : SQL Error: 1062, SQLState: 23000
2024-07-05T19:14:36.281+09:00 ERROR 10616 --- [boardPrac] [ool-2-thread-43] o.h.engine.jdbc.spi.SqlExceptionHelper   : (conn=85) Duplicate entry 'dup5' for key 'name'
2024-07-05T19:14:36.281+09:00  WARN 10616 --- [boardPrac] [ool-2-thread-45] o.h.engine.jdbc.spi.SqlExceptionHelper   : SQL Error: 1062, SQLState: 23000
2024-07-05T19:14:36.281+09:00 ERROR 10616 --- [boardPrac] [ool-2-thread-19] o.h.engine.jdbc.spi.SqlExceptionHelper   : (conn=91) Duplicate entry 'dup5' for key 'name'
2024-07-05T19:14:36.281+09:00  WARN 10616 --- [boardPrac] [pool-2-thread-3] o.h.engine.jdbc.spi.SqlExceptionHelper   : SQL Error: 1062, SQLState: 23000
2024-07-05T19:14:36.281+09:00 ERROR 10616 --- [boardPrac] [ool-2-thread-45] o.h.engine.jdbc.spi.SqlExceptionHelper   : (conn=88) Duplicate entry 'dup5' for key 'name'
2024-07-05T19:14:36.281+09:00  WARN 10616 --- [boardPrac] [ool-2-thread-94] o.m.jdbc.message.server.ErrorPacket      : Error: 1062-23000: Duplicate entry 'dup5' for key 'name'
2024-07-05T19:14:36.281+09:00 ERROR 10616 --- [boardPrac] [pool-2-thread-3] o.h.engine.jdbc.spi.SqlExceptionHelper   : (conn=89) Duplicate entry 'dup5' for key 'name'
2024-07-05T19:14:36.281+09:00  WARN 10616 --- [boardPrac] [pool-2-thread-8] o.m.jdbc.message.server.ErrorPacket      : Error: 1062-23000: Duplicate entry 'dup5' for key 'name'
2024-07-05T19:14:36.282+09:00  WARN 10616 --- [boardPrac] [ool-2-thread-91] o.m.jdbc.message.server.ErrorPacket      : Error: 1062-23000: Duplicate entry 'dup5' for key 'name'
2024-07-05T19:14:36.282+09:00  WARN 10616 --- [boardPrac] [ool-2-thread-94] o.h.engine.jdbc.spi.SqlExceptionHelper   : SQL Error: 1062, SQLState: 23000
2024-07-05T19:14:36.282+09:00  WARN 10616 --- [boardPrac] [pool-2-thread-8] o.h.engine.jdbc.spi.SqlExceptionHelper   : SQL Error: 1062, SQLState: 23000
2024-07-05T19:14:36.282+09:00 ERROR 10616 --- [boardPrac] [ool-2-thread-94] o.h.engine.jdbc.spi.SqlExceptionHelper   : (conn=92) Duplicate entry 'dup5' for key 'name'
2024-07-05T19:14:36.282+09:00 ERROR 10616 --- [boardPrac] [pool-2-thread-8] o.h.engine.jdbc.spi.SqlExceptionHelper   : (conn=84) Duplicate entry 'dup5' for key 'name'
2024-07-05T19:14:36.282+09:00  WARN 10616 --- [boardPrac] [ool-2-thread-91] o.h.engine.jdbc.spi.SqlExceptionHelper   : SQL Error: 1062, SQLState: 23000
2024-07-05T19:14:36.282+09:00 ERROR 10616 --- [boardPrac] [ool-2-thread-91] o.h.engine.jdbc.spi.SqlExceptionHelper   : (conn=87) Duplicate entry 'dup5' for key 'name'
could not execute statement [(conn=93) Duplicate entry 'dup5' for key 'name'] [insert into users (name) values (?) returning user_id]; SQL [insert into users (name) values (?) returning user_id]; constraint [name]
could not execute statement [(conn=86) Duplicate entry 'dup5' for key 'name'] [insert into users (name) values (?) returning user_id]; SQL [insert into users (name) values (?) returning user_id]; constraint [name]
could not execute statement [(conn=91) Duplicate entry 'dup5' for key 'name'] [insert into users (name) values (?) returning user_id]; SQL [insert into users (name) values (?) returning user_id]; constraint [name]
could not execute statement [(conn=90) Duplicate entry 'dup5' for key 'name'] [insert into users (name) values (?) returning user_id]; SQL [insert into users (name) values (?) returning user_id]; constraint [name]
could not execute statement [(conn=88) Duplicate entry 'dup5' for key 'name'] [insert into users (name) values (?) returning user_id]; SQL [insert into users (name) values (?) returning user_id]; constraint [name]
could not execute statement [(conn=85) Duplicate entry 'dup5' for key 'name'] [insert into users (name) values (?) returning user_id]; SQL [insert into users (name) values (?) returning user_id]; constraint [name]
could not execute statement [(conn=89) Duplicate entry 'dup5' for key 'name'] [insert into users (name) values (?) returning user_id]; SQL [insert into users (name) values (?) returning user_id]; constraint [name]
could not execute statement [(conn=87) Duplicate entry 'dup5' for key 'name'] [insert into users (name) values (?) returning user_id]; SQL [insert into users (name) values (?) returning user_id]; constraint [name]
could not execute statement [(conn=84) Duplicate entry 'dup5' for key 'name'] [insert into users (name) values (?) returning user_id]; SQL [insert into users (name) values (?) returning user_id]; constraint [name]
could not execute statement [(conn=92) Duplicate entry 'dup5' for key 'name'] [insert into users (name) values (?) returning user_id]; SQL [insert into users (name) values (?) returning user_id]; constraint [name]
Hibernate: insert into users (name) values (?) returning user_id
Hibernate: insert into users (name) values (?) returning user_id
Hibernate: insert into users (name) values (?) returning user_id
Hibernate: insert into users (name) values (?) returning user_id
Hibernate: insert into users (name) values (?) returning user_id
Hibernate: insert into users (name) values (?) returning user_id
Hibernate: insert into users (name) values (?) returning user_id
Hibernate: insert into users (name) values (?) returning user_id
Hibernate: insert into users (name) values (?) returning user_id
Hibernate: insert into users (name) values (?) returning user_id
2024-07-05T19:14:36.288+09:00  WARN 10616 --- [boardPrac] [pool-2-thread-4] o.m.jdbc.message.server.ErrorPacket      : Error: 1062-23000: Duplicate entry 'dup5' for key 'name'
2024-07-05T19:14:36.288+09:00  WARN 10616 --- [boardPrac] [ool-2-thread-11] o.m.jdbc.message.server.ErrorPacket      : Error: 1062-23000: Duplicate entry 'dup5' for key 'name'
2024-07-05T19:14:36.288+09:00  WARN 10616 --- [boardPrac] [ool-2-thread-11] o.h.engine.jdbc.spi.SqlExceptionHelper   : SQL Error: 1062, SQLState: 23000
2024-07-05T19:14:36.288+09:00  WARN 10616 --- [boardPrac] [pool-2-thread-4] o.h.engine.jdbc.spi.SqlExceptionHelper   : SQL Error: 1062, SQLState: 23000
2024-07-05T19:14:36.288+09:00  WARN 10616 --- [boardPrac] [ool-2-thread-42] o.m.jdbc.message.server.ErrorPacket      : Error: 1062-23000: Duplicate entry 'dup5' for key 'name'
2024-07-05T19:14:36.288+09:00 ERROR 10616 --- [boardPrac] [ool-2-thread-11] o.h.engine.jdbc.spi.SqlExceptionHelper   : (conn=87) Duplicate entry 'dup5' for key 'name'
2024-07-05T19:14:36.288+09:00  WARN 10616 --- [boardPrac] [ol-2-thread-101] o.m.jdbc.message.server.ErrorPacket      : Error: 1062-23000: Duplicate entry 'dup5' for key 'name'
2024-07-05T19:14:36.289+09:00 ERROR 10616 --- [boardPrac] [pool-2-thread-4] o.h.engine.jdbc.spi.SqlExceptionHelper   : (conn=93) Duplicate entry 'dup5' for key 'name'
2024-07-05T19:14:36.289+09:00  WARN 10616 --- [boardPrac] [ool-2-thread-99] o.m.jdbc.message.server.ErrorPacket      : Error: 1062-23000: Duplicate entry 'dup5' for key 'name'
2024-07-05T19:14:36.289+09:00  WARN 10616 --- [boardPrac] [ool-2-thread-42] o.h.engine.jdbc.spi.SqlExceptionHelper   : SQL Error: 1062, SQLState: 23000
2024-07-05T19:14:36.289+09:00  WARN 10616 --- [boardPrac] [ool-2-thread-67] o.m.jdbc.message.server.ErrorPacket      : Error: 1062-23000: Duplicate entry 'dup5' for key 'name'
2024-07-05T19:14:36.289+09:00  WARN 10616 --- [boardPrac] [ool-2-thread-99] o.h.engine.jdbc.spi.SqlExceptionHelper   : SQL Error: 1062, SQLState: 23000
2024-07-05T19:14:36.289+09:00 ERROR 10616 --- [boardPrac] [ool-2-thread-99] o.h.engine.jdbc.spi.SqlExceptionHelper   : (conn=91) Duplicate entry 'dup5' for key 'name'
2024-07-05T19:14:36.289+09:00  WARN 10616 --- [boardPrac] [ool-2-thread-67] o.h.engine.jdbc.spi.SqlExceptionHelper   : SQL Error: 1062, SQLState: 23000
2024-07-05T19:14:36.289+09:00  WARN 10616 --- [boardPrac] [ool-2-thread-32] o.m.jdbc.message.server.ErrorPacket      : Error: 1062-23000: Duplicate entry 'dup5' for key 'name'
2024-07-05T19:14:36.289+09:00  WARN 10616 --- [boardPrac] [ol-2-thread-101] o.h.engine.jdbc.spi.SqlExceptionHelper   : SQL Error: 1062, SQLState: 23000
2024-07-05T19:14:36.289+09:00  WARN 10616 --- [boardPrac] [ool-2-thread-74] o.m.jdbc.message.server.ErrorPacket      : Error: 1062-23000: Duplicate entry 'dup5' for key 'name'
2024-07-05T19:14:36.289+09:00 ERROR 10616 --- [boardPrac] [ool-2-thread-42] o.h.engine.jdbc.spi.SqlExceptionHelper   : (conn=88) Duplicate entry 'dup5' for key 'name'
2024-07-05T19:14:36.289+09:00  WARN 10616 --- [boardPrac] [ool-2-thread-76] o.m.jdbc.message.server.ErrorPacket      : Error: 1062-23000: Duplicate entry 'dup5' for key 'name'
2024-07-05T19:14:36.289+09:00  WARN 10616 --- [boardPrac] [ool-2-thread-76] o.h.engine.jdbc.spi.SqlExceptionHelper   : SQL Error: 1062, SQLState: 23000
2024-07-05T19:14:36.289+09:00 ERROR 10616 --- [boardPrac] [ool-2-thread-76] o.h.engine.jdbc.spi.SqlExceptionHelper   : (conn=92) Duplicate entry 'dup5' for key 'name'
2024-07-05T19:14:36.289+09:00  WARN 10616 --- [boardPrac] [ool-2-thread-58] o.m.jdbc.message.server.ErrorPacket      : Error: 1062-23000: Duplicate entry 'dup5' for key 'name'
2024-07-05T19:14:36.289+09:00  WARN 10616 --- [boardPrac] [ool-2-thread-58] o.h.engine.jdbc.spi.SqlExceptionHelper   : SQL Error: 1062, SQLState: 23000
2024-07-05T19:14:36.289+09:00 ERROR 10616 --- [boardPrac] [ool-2-thread-58] o.h.engine.jdbc.spi.SqlExceptionHelper   : (conn=85) Duplicate entry 'dup5' for key 'name'
2024-07-05T19:14:36.289+09:00 ERROR 10616 --- [boardPrac] [ool-2-thread-67] o.h.engine.jdbc.spi.SqlExceptionHelper   : (conn=89) Duplicate entry 'dup5' for key 'name'
2024-07-05T19:14:36.289+09:00 ERROR 10616 --- [boardPrac] [ol-2-thread-101] o.h.engine.jdbc.spi.SqlExceptionHelper   : (conn=90) Duplicate entry 'dup5' for key 'name'
2024-07-05T19:14:36.289+09:00  WARN 10616 --- [boardPrac] [ool-2-thread-74] o.h.engine.jdbc.spi.SqlExceptionHelper   : SQL Error: 1062, SQLState: 23000
2024-07-05T19:14:36.289+09:00  WARN 10616 --- [boardPrac] [ool-2-thread-32] o.h.engine.jdbc.spi.SqlExceptionHelper   : SQL Error: 1062, SQLState: 23000
2024-07-05T19:14:36.290+09:00 ERROR 10616 --- [boardPrac] [ool-2-thread-74] o.h.engine.jdbc.spi.SqlExceptionHelper   : (conn=84) Duplicate entry 'dup5' for key 'name'
2024-07-05T19:14:36.290+09:00 ERROR 10616 --- [boardPrac] [ool-2-thread-32] o.h.engine.jdbc.spi.SqlExceptionHelper   : (conn=86) Duplicate entry 'dup5' for key 'name'
could not execute statement [(conn=87) Duplicate entry 'dup5' for key 'name'] [insert into users (name) values (?) returning user_id]; SQL [insert into users (name) values (?) returning user_id]; constraint [name]
could not execute statement [(conn=93) Duplicate entry 'dup5' for key 'name'] [insert into users (name) values (?) returning user_id]; SQL [insert into users (name) values (?) returning user_id]; constraint [name]
could not execute statement [(conn=92) Duplicate entry 'dup5' for key 'name'] [insert into users (name) values (?) returning user_id]; SQL [insert into users (name) values (?) returning user_id]; constraint [name]
could not execute statement [(conn=91) Duplicate entry 'dup5' for key 'name'] [insert into users (name) values (?) returning user_id]; SQL [insert into users (name) values (?) returning user_id]; constraint [name]
could not execute statement [(conn=88) Duplicate entry 'dup5' for key 'name'] [insert into users (name) values (?) returning user_id]; SQL [insert into users (name) values (?) returning user_id]; constraint [name]
could not execute statement [(conn=86) Duplicate entry 'dup5' for key 'name'] [insert into users (name) values (?) returning user_id]; SQL [insert into users (name) values (?) returning user_id]; constraint [name]
could not execute statement [(conn=89) Duplicate entry 'dup5' for key 'name'] [insert into users (name) values (?) returning user_id]; SQL [insert into users (name) values (?) returning user_id]; constraint [name]
could not execute statement [(conn=84) Duplicate entry 'dup5' for key 'name'] [insert into users (name) values (?) returning user_id]; SQL [insert into users (name) values (?) returning user_id]; constraint [name]
could not execute statement [(conn=90) Duplicate entry 'dup5' for key 'name'] [insert into users (name) values (?) returning user_id]; SQL [insert into users (name) values (?) returning user_id]; constraint [name]
could not execute statement [(conn=85) Duplicate entry 'dup5' for key 'name'] [insert into users (name) values (?) returning user_id]; SQL [insert into users (name) values (?) returning user_id]; constraint [name]
Hibernate: insert into users (name) values (?) returning user_id
Hibernate: insert into users (name) values (?) returning user_id
Hibernate: insert into users (name) values (?) returning user_id
Hibernate: insert into users (name) values (?) returning user_id
Hibernate: insert into users (name) values (?) returning user_id
Hibernate: insert into users (name) values (?) returning user_id
Hibernate: insert into users (name) values (?) returning user_id
Hibernate: insert into users (name) values (?) returning user_id
Hibernate: insert into users (name) values (?) returning user_id
Hibernate: insert into users (name) values (?) returning user_id
2024-07-05T19:14:36.296+09:00  WARN 10616 --- [boardPrac] [ool-2-thread-77] o.m.jdbc.message.server.ErrorPacket      : Error: 1062-23000: Duplicate entry 'dup5' for key 'name'
2024-07-05T19:14:36.297+09:00  WARN 10616 --- [boardPrac] [ol-2-thread-100] o.m.jdbc.message.server.ErrorPacket      : Error: 1062-23000: Duplicate entry 'dup5' for key 'name'
2024-07-05T19:14:36.297+09:00  WARN 10616 --- [boardPrac] [ool-2-thread-95] o.m.jdbc.message.server.ErrorPacket      : Error: 1062-23000: Duplicate entry 'dup5' for key 'name'
2024-07-05T19:14:36.297+09:00  WARN 10616 --- [boardPrac] [ool-2-thread-20] o.m.jdbc.message.server.ErrorPacket      : Error: 1062-23000: Duplicate entry 'dup5' for key 'name'
2024-07-05T19:14:36.297+09:00  WARN 10616 --- [boardPrac] [ool-2-thread-77] o.h.engine.jdbc.spi.SqlExceptionHelper   : SQL Error: 1062, SQLState: 23000
2024-07-05T19:14:36.297+09:00  WARN 10616 --- [boardPrac] [ool-2-thread-95] o.h.engine.jdbc.spi.SqlExceptionHelper   : SQL Error: 1062, SQLState: 23000
2024-07-05T19:14:36.297+09:00  WARN 10616 --- [boardPrac] [ool-2-thread-46] o.m.jdbc.message.server.ErrorPacket      : Error: 1062-23000: Duplicate entry 'dup5' for key 'name'
2024-07-05T19:14:36.297+09:00  WARN 10616 --- [boardPrac] [ool-2-thread-33] o.m.jdbc.message.server.ErrorPacket      : Error: 1062-23000: Duplicate entry 'dup5' for key 'name'
2024-07-05T19:14:36.297+09:00  WARN 10616 --- [boardPrac] [ool-2-thread-46] o.h.engine.jdbc.spi.SqlExceptionHelper   : SQL Error: 1062, SQLState: 23000
2024-07-05T19:14:36.297+09:00  WARN 10616 --- [boardPrac] [ool-2-thread-16] o.m.jdbc.message.server.ErrorPacket      : Error: 1062-23000: Duplicate entry 'dup5' for key 'name'
2024-07-05T19:14:36.297+09:00  WARN 10616 --- [boardPrac] [ol-2-thread-100] o.h.engine.jdbc.spi.SqlExceptionHelper   : SQL Error: 1062, SQLState: 23000
2024-07-05T19:14:36.297+09:00  WARN 10616 --- [boardPrac] [ool-2-thread-20] o.h.engine.jdbc.spi.SqlExceptionHelper   : SQL Error: 1062, SQLState: 23000
2024-07-05T19:14:36.297+09:00 ERROR 10616 --- [boardPrac] [ool-2-thread-95] o.h.engine.jdbc.spi.SqlExceptionHelper   : (conn=89) Duplicate entry 'dup5' for key 'name'
2024-07-05T19:14:36.297+09:00 ERROR 10616 --- [boardPrac] [ool-2-thread-77] o.h.engine.jdbc.spi.SqlExceptionHelper   : (conn=86) Duplicate entry 'dup5' for key 'name'
2024-07-05T19:14:36.297+09:00 ERROR 10616 --- [boardPrac] [ool-2-thread-46] o.h.engine.jdbc.spi.SqlExceptionHelper   : (conn=90) Duplicate entry 'dup5' for key 'name'
2024-07-05T19:14:36.297+09:00  WARN 10616 --- [boardPrac] [ool-2-thread-52] o.m.jdbc.message.server.ErrorPacket      : Error: 1062-23000: Duplicate entry 'dup5' for key 'name'
2024-07-05T19:14:36.297+09:00  WARN 10616 --- [boardPrac] [ool-2-thread-33] o.h.engine.jdbc.spi.SqlExceptionHelper   : SQL Error: 1062, SQLState: 23000
2024-07-05T19:14:36.297+09:00 ERROR 10616 --- [boardPrac] [ol-2-thread-100] o.h.engine.jdbc.spi.SqlExceptionHelper   : (conn=87) Duplicate entry 'dup5' for key 'name'
2024-07-05T19:14:36.297+09:00  WARN 10616 --- [boardPrac] [ool-2-thread-16] o.h.engine.jdbc.spi.SqlExceptionHelper   : SQL Error: 1062, SQLState: 23000
2024-07-05T19:14:36.297+09:00 ERROR 10616 --- [boardPrac] [ool-2-thread-20] o.h.engine.jdbc.spi.SqlExceptionHelper   : (conn=84) Duplicate entry 'dup5' for key 'name'
2024-07-05T19:14:36.297+09:00  WARN 10616 --- [boardPrac] [ool-2-thread-34] o.m.jdbc.message.server.ErrorPacket      : Error: 1062-23000: Duplicate entry 'dup5' for key 'name'
2024-07-05T19:14:36.297+09:00  WARN 10616 --- [boardPrac] [ool-2-thread-17] o.m.jdbc.message.server.ErrorPacket      : Error: 1062-23000: Duplicate entry 'dup5' for key 'name'
2024-07-05T19:14:36.298+09:00 ERROR 10616 --- [boardPrac] [ool-2-thread-16] o.h.engine.jdbc.spi.SqlExceptionHelper   : (conn=88) Duplicate entry 'dup5' for key 'name'
2024-07-05T19:14:36.297+09:00  WARN 10616 --- [boardPrac] [ool-2-thread-52] o.h.engine.jdbc.spi.SqlExceptionHelper   : SQL Error: 1062, SQLState: 23000
2024-07-05T19:14:36.298+09:00 ERROR 10616 --- [boardPrac] [ool-2-thread-33] o.h.engine.jdbc.spi.SqlExceptionHelper   : (conn=91) Duplicate entry 'dup5' for key 'name'
2024-07-05T19:14:36.298+09:00  WARN 10616 --- [boardPrac] [ool-2-thread-34] o.h.engine.jdbc.spi.SqlExceptionHelper   : SQL Error: 1062, SQLState: 23000
2024-07-05T19:14:36.298+09:00 ERROR 10616 --- [boardPrac] [ool-2-thread-52] o.h.engine.jdbc.spi.SqlExceptionHelper   : (conn=85) Duplicate entry 'dup5' for key 'name'
2024-07-05T19:14:36.298+09:00  WARN 10616 --- [boardPrac] [ool-2-thread-17] o.h.engine.jdbc.spi.SqlExceptionHelper   : SQL Error: 1062, SQLState: 23000
2024-07-05T19:14:36.299+09:00 ERROR 10616 --- [boardPrac] [ool-2-thread-34] o.h.engine.jdbc.spi.SqlExceptionHelper   : (conn=93) Duplicate entry 'dup5' for key 'name'
2024-07-05T19:14:36.299+09:00 ERROR 10616 --- [boardPrac] [ool-2-thread-17] o.h.engine.jdbc.spi.SqlExceptionHelper   : (conn=92) Duplicate entry 'dup5' for key 'name'
could not execute statement [(conn=86) Duplicate entry 'dup5' for key 'name'] [insert into users (name) values (?) returning user_id]; SQL [insert into users (name) values (?) returning user_id]; constraint [name]
could not execute statement [(conn=90) Duplicate entry 'dup5' for key 'name'] [insert into users (name) values (?) returning user_id]; SQL [insert into users (name) values (?) returning user_id]; constraint [name]
could not execute statement [(conn=91) Duplicate entry 'dup5' for key 'name'] [insert into users (name) values (?) returning user_id]; SQL [insert into users (name) values (?) returning user_id]; constraint [name]
could not execute statement [(conn=88) Duplicate entry 'dup5' for key 'name'] [insert into users (name) values (?) returning user_id]; SQL [insert into users (name) values (?) returning user_id]; constraint [name]
could not execute statement [(conn=93) Duplicate entry 'dup5' for key 'name'] [insert into users (name) values (?) returning user_id]; SQL [insert into users (name) values (?) returning user_id]; constraint [name]
could not execute statement [(conn=87) Duplicate entry 'dup5' for key 'name'] [insert into users (name) values (?) returning user_id]; SQL [insert into users (name) values (?) returning user_id]; constraint [name]
could not execute statement [(conn=85) Duplicate entry 'dup5' for key 'name'] [insert into users (name) values (?) returning user_id]; SQL [insert into users (name) values (?) returning user_id]; constraint [name]
could not execute statement [(conn=84) Duplicate entry 'dup5' for key 'name'] [insert into users (name) values (?) returning user_id]; SQL [insert into users (name) values (?) returning user_id]; constraint [name]
could not execute statement [(conn=89) Duplicate entry 'dup5' for key 'name'] [insert into users (name) values (?) returning user_id]; SQL [insert into users (name) values (?) returning user_id]; constraint [name]
could not execute statement [(conn=92) Duplicate entry 'dup5' for key 'name'] [insert into users (name) values (?) returning user_id]; SQL [insert into users (name) values (?) returning user_id]; constraint [name]
Hibernate: insert into users (name) values (?) returning user_id
Hibernate: insert into users (name) values (?) returning user_id
Hibernate: insert into users (name) values (?) returning user_id
Hibernate: insert into users (name) values (?) returning user_id
Hibernate: insert into users (name) values (?) returning user_id
Hibernate: insert into users (name) values (?) returning user_id
Hibernate: insert into users (name) values (?) returning user_id
Hibernate: insert into users (name) values (?) returning user_id
Hibernate: insert into users (name) values (?) returning user_id
Hibernate: insert into users (name) values (?) returning user_id
2024-07-05T19:14:36.304+09:00  WARN 10616 --- [boardPrac] [ool-2-thread-85] o.m.jdbc.message.server.ErrorPacket      : Error: 1062-23000: Duplicate entry 'dup5' for key 'name'
2024-07-05T19:14:36.304+09:00  WARN 10616 --- [boardPrac] [ool-2-thread-82] o.m.jdbc.message.server.ErrorPacket      : Error: 1062-23000: Duplicate entry 'dup5' for key 'name'
2024-07-05T19:14:36.305+09:00  WARN 10616 --- [boardPrac] [ool-2-thread-85] o.h.engine.jdbc.spi.SqlExceptionHelper   : SQL Error: 1062, SQLState: 23000
2024-07-05T19:14:36.305+09:00  WARN 10616 --- [boardPrac] [ool-2-thread-82] o.h.engine.jdbc.spi.SqlExceptionHelper   : SQL Error: 1062, SQLState: 23000
2024-07-05T19:14:36.305+09:00 ERROR 10616 --- [boardPrac] [ool-2-thread-85] o.h.engine.jdbc.spi.SqlExceptionHelper   : (conn=84) Duplicate entry 'dup5' for key 'name'
2024-07-05T19:14:36.305+09:00  WARN 10616 --- [boardPrac] [ool-2-thread-83] o.m.jdbc.message.server.ErrorPacket      : Error: 1062-23000: Duplicate entry 'dup5' for key 'name'
2024-07-05T19:14:36.305+09:00 ERROR 10616 --- [boardPrac] [ool-2-thread-82] o.h.engine.jdbc.spi.SqlExceptionHelper   : (conn=88) Duplicate entry 'dup5' for key 'name'
2024-07-05T19:14:36.305+09:00  WARN 10616 --- [boardPrac] [ool-2-thread-83] o.h.engine.jdbc.spi.SqlExceptionHelper   : SQL Error: 1062, SQLState: 23000
2024-07-05T19:14:36.305+09:00 ERROR 10616 --- [boardPrac] [ool-2-thread-83] o.h.engine.jdbc.spi.SqlExceptionHelper   : (conn=92) Duplicate entry 'dup5' for key 'name'
2024-07-05T19:14:36.306+09:00  WARN 10616 --- [boardPrac] [ool-2-thread-84] o.m.jdbc.message.server.ErrorPacket      : Error: 1062-23000: Duplicate entry 'dup5' for key 'name'
2024-07-05T19:14:36.306+09:00  WARN 10616 --- [boardPrac] [ool-2-thread-21] o.m.jdbc.message.server.ErrorPacket      : Error: 1062-23000: Duplicate entry 'dup5' for key 'name'
2024-07-05T19:14:36.306+09:00  WARN 10616 --- [boardPrac] [ool-2-thread-31] o.m.jdbc.message.server.ErrorPacket      : Error: 1062-23000: Duplicate entry 'dup5' for key 'name'
2024-07-05T19:14:36.306+09:00  WARN 10616 --- [boardPrac] [ol-2-thread-103] o.m.jdbc.message.server.ErrorPacket      : Error: 1062-23000: Duplicate entry 'dup5' for key 'name'
2024-07-05T19:14:36.306+09:00  WARN 10616 --- [boardPrac] [ool-2-thread-31] o.h.engine.jdbc.spi.SqlExceptionHelper   : SQL Error: 1062, SQLState: 23000
2024-07-05T19:14:36.306+09:00  WARN 10616 --- [boardPrac] [ool-2-thread-81] o.m.jdbc.message.server.ErrorPacket      : Error: 1062-23000: Duplicate entry 'dup5' for key 'name'
2024-07-05T19:14:36.306+09:00  WARN 10616 --- [boardPrac] [ool-2-thread-78] o.m.jdbc.message.server.ErrorPacket      : Error: 1062-23000: Duplicate entry 'dup5' for key 'name'
2024-07-05T19:14:36.306+09:00  WARN 10616 --- [boardPrac] [ool-2-thread-14] o.m.jdbc.message.server.ErrorPacket      : Error: 1062-23000: Duplicate entry 'dup5' for key 'name'
2024-07-05T19:14:36.306+09:00  WARN 10616 --- [boardPrac] [ool-2-thread-84] o.h.engine.jdbc.spi.SqlExceptionHelper   : SQL Error: 1062, SQLState: 23000
2024-07-05T19:14:36.306+09:00  WARN 10616 --- [boardPrac] [ool-2-thread-21] o.h.engine.jdbc.spi.SqlExceptionHelper   : SQL Error: 1062, SQLState: 23000
2024-07-05T19:14:36.306+09:00  WARN 10616 --- [boardPrac] [ol-2-thread-103] o.h.engine.jdbc.spi.SqlExceptionHelper   : SQL Error: 1062, SQLState: 23000
2024-07-05T19:14:36.306+09:00 ERROR 10616 --- [boardPrac] [ool-2-thread-31] o.h.engine.jdbc.spi.SqlExceptionHelper   : (conn=87) Duplicate entry 'dup5' for key 'name'
2024-07-05T19:14:36.306+09:00  WARN 10616 --- [boardPrac] [ool-2-thread-78] o.h.engine.jdbc.spi.SqlExceptionHelper   : SQL Error: 1062, SQLState: 23000
2024-07-05T19:14:36.306+09:00  WARN 10616 --- [boardPrac] [ool-2-thread-81] o.h.engine.jdbc.spi.SqlExceptionHelper   : SQL Error: 1062, SQLState: 23000
2024-07-05T19:14:36.306+09:00  WARN 10616 --- [boardPrac] [ool-2-thread-14] o.h.engine.jdbc.spi.SqlExceptionHelper   : SQL Error: 1062, SQLState: 23000
2024-07-05T19:14:36.306+09:00 ERROR 10616 --- [boardPrac] [ool-2-thread-78] o.h.engine.jdbc.spi.SqlExceptionHelper   : (conn=85) Duplicate entry 'dup5' for key 'name'
2024-07-05T19:14:36.306+09:00 ERROR 10616 --- [boardPrac] [ool-2-thread-84] o.h.engine.jdbc.spi.SqlExceptionHelper   : (conn=89) Duplicate entry 'dup5' for key 'name'
2024-07-05T19:14:36.306+09:00 ERROR 10616 --- [boardPrac] [ool-2-thread-21] o.h.engine.jdbc.spi.SqlExceptionHelper   : (conn=90) Duplicate entry 'dup5' for key 'name'
2024-07-05T19:14:36.306+09:00 ERROR 10616 --- [boardPrac] [ol-2-thread-103] o.h.engine.jdbc.spi.SqlExceptionHelper   : (conn=91) Duplicate entry 'dup5' for key 'name'
2024-07-05T19:14:36.307+09:00 ERROR 10616 --- [boardPrac] [ool-2-thread-14] o.h.engine.jdbc.spi.SqlExceptionHelper   : (conn=86) Duplicate entry 'dup5' for key 'name'
2024-07-05T19:14:36.307+09:00 ERROR 10616 --- [boardPrac] [ool-2-thread-81] o.h.engine.jdbc.spi.SqlExceptionHelper   : (conn=93) Duplicate entry 'dup5' for key 'name'
could not execute statement [(conn=88) Duplicate entry 'dup5' for key 'name'] [insert into users (name) values (?) returning user_id]; SQL [insert into users (name) values (?) returning user_id]; constraint [name]
could not execute statement [(conn=84) Duplicate entry 'dup5' for key 'name'] [insert into users (name) values (?) returning user_id]; SQL [insert into users (name) values (?) returning user_id]; constraint [name]
could not execute statement [(conn=92) Duplicate entry 'dup5' for key 'name'] [insert into users (name) values (?) returning user_id]; SQL [insert into users (name) values (?) returning user_id]; constraint [name]
could not execute statement [(conn=85) Duplicate entry 'dup5' for key 'name'] [insert into users (name) values (?) returning user_id]; SQL [insert into users (name) values (?) returning user_id]; constraint [name]
could not execute statement [(conn=91) Duplicate entry 'dup5' for key 'name'] [insert into users (name) values (?) returning user_id]; SQL [insert into users (name) values (?) returning user_id]; constraint [name]
could not execute statement [(conn=87) Duplicate entry 'dup5' for key 'name'] [insert into users (name) values (?) returning user_id]; SQL [insert into users (name) values (?) returning user_id]; constraint [name]
could not execute statement [(conn=86) Duplicate entry 'dup5' for key 'name'] [insert into users (name) values (?) returning user_id]; SQL [insert into users (name) values (?) returning user_id]; constraint [name]
could not execute statement [(conn=93) Duplicate entry 'dup5' for key 'name'] [insert into users (name) values (?) returning user_id]; SQL [insert into users (name) values (?) returning user_id]; constraint [name]
Hibernate: insert into users (name) values (?) returning user_id
Hibernate: insert into users (name) values (?) returning user_id
Hibernate: insert into users (name) values (?) returning user_id
could not execute statement [(conn=89) Duplicate entry 'dup5' for key 'name'] [insert into users (name) values (?) returning user_id]; SQL [insert into users (name) values (?) returning user_id]; constraint [name]
could not execute statement [(conn=90) Duplicate entry 'dup5' for key 'name'] [insert into users (name) values (?) returning user_id]; SQL [insert into users (name) values (?) returning user_id]; constraint [name]
2024-07-05T19:14:36.312+09:00  WARN 10616 --- [boardPrac] [ool-2-thread-87] o.m.jdbc.message.server.ErrorPacket      : Error: 1062-23000: Duplicate entry 'dup5' for key 'name'
2024-07-05T19:14:36.312+09:00  WARN 10616 --- [boardPrac] [ool-2-thread-86] o.m.jdbc.message.server.ErrorPacket      : Error: 1062-23000: Duplicate entry 'dup5' for key 'name'
Hibernate: insert into users (name) values (?) returning user_id
2024-07-05T19:14:36.312+09:00  WARN 10616 --- [boardPrac] [ool-2-thread-28] o.m.jdbc.message.server.ErrorPacket      : Error: 1062-23000: Duplicate entry 'dup5' for key 'name'
Hibernate: insert into users (name) values (?) returning user_id
2024-07-05T19:14:36.313+09:00  WARN 10616 --- [boardPrac] [ool-2-thread-87] o.h.engine.jdbc.spi.SqlExceptionHelper   : SQL Error: 1062, SQLState: 23000
2024-07-05T19:14:36.313+09:00 ERROR 10616 --- [boardPrac] [ool-2-thread-87] o.h.engine.jdbc.spi.SqlExceptionHelper   : (conn=88) Duplicate entry 'dup5' for key 'name'
Hibernate: insert into users (name) values (?) returning user_id
2024-07-05T19:14:36.313+09:00  WARN 10616 --- [boardPrac] [ool-2-thread-86] o.h.engine.jdbc.spi.SqlExceptionHelper   : SQL Error: 1062, SQLState: 23000
2024-07-05T19:14:36.313+09:00  WARN 10616 --- [boardPrac] [ool-2-thread-28] o.h.engine.jdbc.spi.SqlExceptionHelper   : SQL Error: 1062, SQLState: 23000
Hibernate: insert into users (name) values (?) returning user_id
2024-07-05T19:14:36.313+09:00 ERROR 10616 --- [boardPrac] [ool-2-thread-86] o.h.engine.jdbc.spi.SqlExceptionHelper   : (conn=92) Duplicate entry 'dup5' for key 'name'
2024-07-05T19:14:36.313+09:00 ERROR 10616 --- [boardPrac] [ool-2-thread-28] o.h.engine.jdbc.spi.SqlExceptionHelper   : (conn=84) Duplicate entry 'dup5' for key 'name'
Hibernate: insert into users (name) values (?) returning user_id
Hibernate: insert into users (name) values (?) returning user_id
Hibernate: insert into users (name) values (?) returning user_id
2024-07-05T19:14:36.314+09:00  WARN 10616 --- [boardPrac] [ool-2-thread-44] o.m.jdbc.message.server.ErrorPacket      : Error: 1062-23000: Duplicate entry 'dup5' for key 'name'
2024-07-05T19:14:36.314+09:00  WARN 10616 --- [boardPrac] [pool-2-thread-9] o.m.jdbc.message.server.ErrorPacket      : Error: 1062-23000: Duplicate entry 'dup5' for key 'name'
2024-07-05T19:14:36.314+09:00  WARN 10616 --- [boardPrac] [ool-2-thread-39] o.m.jdbc.message.server.ErrorPacket      : Error: 1062-23000: Duplicate entry 'dup5' for key 'name'
2024-07-05T19:14:36.314+09:00  WARN 10616 --- [boardPrac] [ool-2-thread-80] o.m.jdbc.message.server.ErrorPacket      : Error: 1062-23000: Duplicate entry 'dup5' for key 'name'
2024-07-05T19:14:36.314+09:00  WARN 10616 --- [boardPrac] [ool-2-thread-64] o.m.jdbc.message.server.ErrorPacket      : Error: 1062-23000: Duplicate entry 'dup5' for key 'name'
2024-07-05T19:14:36.314+09:00  WARN 10616 --- [boardPrac] [ool-2-thread-88] o.m.jdbc.message.server.ErrorPacket      : Error: 1062-23000: Duplicate entry 'dup5' for key 'name'
2024-07-05T19:14:36.314+09:00  WARN 10616 --- [boardPrac] [ool-2-thread-44] o.h.engine.jdbc.spi.SqlExceptionHelper   : SQL Error: 1062, SQLState: 23000
2024-07-05T19:14:36.314+09:00  WARN 10616 --- [boardPrac] [pool-2-thread-9] o.h.engine.jdbc.spi.SqlExceptionHelper   : SQL Error: 1062, SQLState: 23000
2024-07-05T19:14:36.315+09:00  WARN 10616 --- [boardPrac] [ool-2-thread-80] o.h.engine.jdbc.spi.SqlExceptionHelper   : SQL Error: 1062, SQLState: 23000
2024-07-05T19:14:36.315+09:00 ERROR 10616 --- [boardPrac] [pool-2-thread-9] o.h.engine.jdbc.spi.SqlExceptionHelper   : (conn=86) Duplicate entry 'dup5' for key 'name'
2024-07-05T19:14:36.315+09:00  WARN 10616 --- [boardPrac] [ool-2-thread-39] o.h.engine.jdbc.spi.SqlExceptionHelper   : SQL Error: 1062, SQLState: 23000
2024-07-05T19:14:36.315+09:00  WARN 10616 --- [boardPrac] [ool-2-thread-64] o.h.engine.jdbc.spi.SqlExceptionHelper   : SQL Error: 1062, SQLState: 23000
2024-07-05T19:14:36.315+09:00  WARN 10616 --- [boardPrac] [ool-2-thread-88] o.h.engine.jdbc.spi.SqlExceptionHelper   : SQL Error: 1062, SQLState: 23000
2024-07-05T19:14:36.315+09:00  WARN 10616 --- [boardPrac] [ool-2-thread-22] o.m.jdbc.message.server.ErrorPacket      : Error: 1062-23000: Duplicate entry 'dup5' for key 'name'
2024-07-05T19:14:36.315+09:00 ERROR 10616 --- [boardPrac] [ool-2-thread-44] o.h.engine.jdbc.spi.SqlExceptionHelper   : (conn=91) Duplicate entry 'dup5' for key 'name'
2024-07-05T19:14:36.315+09:00 ERROR 10616 --- [boardPrac] [ool-2-thread-80] o.h.engine.jdbc.spi.SqlExceptionHelper   : (conn=87) Duplicate entry 'dup5' for key 'name'
2024-07-05T19:14:36.315+09:00  WARN 10616 --- [boardPrac] [ool-2-thread-22] o.h.engine.jdbc.spi.SqlExceptionHelper   : SQL Error: 1062, SQLState: 23000
2024-07-05T19:14:36.315+09:00 ERROR 10616 --- [boardPrac] [ool-2-thread-88] o.h.engine.jdbc.spi.SqlExceptionHelper   : (conn=85) Duplicate entry 'dup5' for key 'name'
2024-07-05T19:14:36.315+09:00 ERROR 10616 --- [boardPrac] [ool-2-thread-22] o.h.engine.jdbc.spi.SqlExceptionHelper   : (conn=90) Duplicate entry 'dup5' for key 'name'
2024-07-05T19:14:36.315+09:00 ERROR 10616 --- [boardPrac] [ool-2-thread-39] o.h.engine.jdbc.spi.SqlExceptionHelper   : (conn=93) Duplicate entry 'dup5' for key 'name'
2024-07-05T19:14:36.315+09:00 ERROR 10616 --- [boardPrac] [ool-2-thread-64] o.h.engine.jdbc.spi.SqlExceptionHelper   : (conn=89) Duplicate entry 'dup5' for key 'name'
could not execute statement [(conn=84) Duplicate entry 'dup5' for key 'name'] [insert into users (name) values (?) returning user_id]; SQL [insert into users (name) values (?) returning user_id]; constraint [name]
could not execute statement [(conn=92) Duplicate entry 'dup5' for key 'name'] [insert into users (name) values (?) returning user_id]; SQL [insert into users (name) values (?) returning user_id]; constraint [name]
could not execute statement [(conn=88) Duplicate entry 'dup5' for key 'name'] [insert into users (name) values (?) returning user_id]; SQL [insert into users (name) values (?) returning user_id]; constraint [name]
Hibernate: insert into users (name) values (?) returning user_id
could not execute statement [(conn=86) Duplicate entry 'dup5' for key 'name'] [insert into users (name) values (?) returning user_id]; SQL [insert into users (name) values (?) returning user_id]; constraint [name]
Hibernate: insert into users (name) values (?) returning user_id
Hibernate: insert into users (name) values (?) returning user_id
could not execute statement [(conn=90) Duplicate entry 'dup5' for key 'name'] [insert into users (name) values (?) returning user_id]; SQL [insert into users (name) values (?) returning user_id]; constraint [name]
could not execute statement [(conn=89) Duplicate entry 'dup5' for key 'name'] [insert into users (name) values (?) returning user_id]; SQL [insert into users (name) values (?) returning user_id]; constraint [name]
could not execute statement [(conn=87) Duplicate entry 'dup5' for key 'name'] [insert into users (name) values (?) returning user_id]; SQL [insert into users (name) values (?) returning user_id]; constraint [name]
could not execute statement [(conn=91) Duplicate entry 'dup5' for key 'name'] [insert into users (name) values (?) returning user_id]; SQL [insert into users (name) values (?) returning user_id]; constraint [name]
could not execute statement [(conn=85) Duplicate entry 'dup5' for key 'name'] [insert into users (name) values (?) returning user_id]; SQL [insert into users (name) values (?) returning user_id]; constraint [name]
could not execute statement [(conn=93) Duplicate entry 'dup5' for key 'name'] [insert into users (name) values (?) returning user_id]; SQL [insert into users (name) values (?) returning user_id]; constraint [name]
2024-07-05T19:14:36.320+09:00  WARN 10616 --- [boardPrac] [ool-2-thread-26] o.m.jdbc.message.server.ErrorPacket      : Error: 1062-23000: Duplicate entry 'dup5' for key 'name'
2024-07-05T19:14:36.320+09:00  WARN 10616 --- [boardPrac] [ool-2-thread-26] o.h.engine.jdbc.spi.SqlExceptionHelper   : SQL Error: 1062, SQLState: 23000
2024-07-05T19:14:36.320+09:00 ERROR 10616 --- [boardPrac] [ool-2-thread-26] o.h.engine.jdbc.spi.SqlExceptionHelper   : (conn=88) Duplicate entry 'dup5' for key 'name'
Hibernate: insert into users (name) values (?) returning user_id
Hibernate: insert into users (name) values (?) returning user_id
Hibernate: insert into users (name) values (?) returning user_id
Hibernate: insert into users (name) values (?) returning user_id
Hibernate: insert into users (name) values (?) returning user_id
Hibernate: insert into users (name) values (?) returning user_id
Hibernate: insert into users (name) values (?) returning user_id
2024-07-05T19:14:36.321+09:00  WARN 10616 --- [boardPrac] [pool-2-thread-1] o.m.jdbc.message.server.ErrorPacket      : Error: 1062-23000: Duplicate entry 'dup5' for key 'name'
2024-07-05T19:14:36.321+09:00  WARN 10616 --- [boardPrac] [ool-2-thread-96] o.m.jdbc.message.server.ErrorPacket      : Error: 1062-23000: Duplicate entry 'dup5' for key 'name'
2024-07-05T19:14:36.321+09:00  WARN 10616 --- [boardPrac] [pool-2-thread-1] o.h.engine.jdbc.spi.SqlExceptionHelper   : SQL Error: 1062, SQLState: 23000
2024-07-05T19:14:36.321+09:00  WARN 10616 --- [boardPrac] [ool-2-thread-96] o.h.engine.jdbc.spi.SqlExceptionHelper   : SQL Error: 1062, SQLState: 23000
2024-07-05T19:14:36.321+09:00 ERROR 10616 --- [boardPrac] [pool-2-thread-1] o.h.engine.jdbc.spi.SqlExceptionHelper   : (conn=92) Duplicate entry 'dup5' for key 'name'
2024-07-05T19:14:36.321+09:00 ERROR 10616 --- [boardPrac] [ool-2-thread-96] o.h.engine.jdbc.spi.SqlExceptionHelper   : (conn=84) Duplicate entry 'dup5' for key 'name'
2024-07-05T19:14:36.323+09:00  WARN 10616 --- [boardPrac] [ool-2-thread-27] o.m.jdbc.message.server.ErrorPacket      : Error: 1062-23000: Duplicate entry 'dup5' for key 'name'
2024-07-05T19:14:36.323+09:00  WARN 10616 --- [boardPrac] [ool-2-thread-27] o.h.engine.jdbc.spi.SqlExceptionHelper   : SQL Error: 1062, SQLState: 23000
2024-07-05T19:14:36.323+09:00  WARN 10616 --- [boardPrac] [ool-2-thread-62] o.m.jdbc.message.server.ErrorPacket      : Error: 1062-23000: Duplicate entry 'dup5' for key 'name'
2024-07-05T19:14:36.323+09:00 ERROR 10616 --- [boardPrac] [ool-2-thread-27] o.h.engine.jdbc.spi.SqlExceptionHelper   : (conn=93) Duplicate entry 'dup5' for key 'name'
2024-07-05T19:14:36.323+09:00  WARN 10616 --- [boardPrac] [ool-2-thread-70] o.m.jdbc.message.server.ErrorPacket      : Error: 1062-23000: Duplicate entry 'dup5' for key 'name'
2024-07-05T19:14:36.323+09:00  WARN 10616 --- [boardPrac] [ool-2-thread-10] o.m.jdbc.message.server.ErrorPacket      : Error: 1062-23000: Duplicate entry 'dup5' for key 'name'
2024-07-05T19:14:36.323+09:00  WARN 10616 --- [boardPrac] [ool-2-thread-70] o.h.engine.jdbc.spi.SqlExceptionHelper   : SQL Error: 1062, SQLState: 23000
2024-07-05T19:14:36.323+09:00  WARN 10616 --- [boardPrac] [ool-2-thread-62] o.h.engine.jdbc.spi.SqlExceptionHelper   : SQL Error: 1062, SQLState: 23000
2024-07-05T19:14:36.323+09:00 ERROR 10616 --- [boardPrac] [ool-2-thread-70] o.h.engine.jdbc.spi.SqlExceptionHelper   : (conn=91) Duplicate entry 'dup5' for key 'name'
2024-07-05T19:14:36.323+09:00 ERROR 10616 --- [boardPrac] [ool-2-thread-62] o.h.engine.jdbc.spi.SqlExceptionHelper   : (conn=85) Duplicate entry 'dup5' for key 'name'
2024-07-05T19:14:36.323+09:00  WARN 10616 --- [boardPrac] [ool-2-thread-10] o.h.engine.jdbc.spi.SqlExceptionHelper   : SQL Error: 1062, SQLState: 23000
2024-07-05T19:14:36.323+09:00 ERROR 10616 --- [boardPrac] [ool-2-thread-10] o.h.engine.jdbc.spi.SqlExceptionHelper   : (conn=87) Duplicate entry 'dup5' for key 'name'
could not execute statement [(conn=88) Duplicate entry 'dup5' for key 'name'] [insert into users (name) values (?) returning user_id]; SQL [insert into users (name) values (?) returning user_id]; constraint [name]
2024-07-05T19:14:36.324+09:00  WARN 10616 --- [boardPrac] [ool-2-thread-89] o.m.jdbc.message.server.ErrorPacket      : Error: 1062-23000: Duplicate entry 'dup5' for key 'name'
2024-07-05T19:14:36.324+09:00  WARN 10616 --- [boardPrac] [ool-2-thread-51] o.m.jdbc.message.server.ErrorPacket      : Error: 1062-23000: Duplicate entry 'dup5' for key 'name'
2024-07-05T19:14:36.324+09:00  WARN 10616 --- [boardPrac] [ool-2-thread-73] o.m.jdbc.message.server.ErrorPacket      : Error: 1062-23000: Duplicate entry 'dup5' for key 'name'
2024-07-05T19:14:36.324+09:00  WARN 10616 --- [boardPrac] [ool-2-thread-89] o.h.engine.jdbc.spi.SqlExceptionHelper   : SQL Error: 1062, SQLState: 23000
2024-07-05T19:14:36.324+09:00 ERROR 10616 --- [boardPrac] [ool-2-thread-89] o.h.engine.jdbc.spi.SqlExceptionHelper   : (conn=90) Duplicate entry 'dup5' for key 'name'
2024-07-05T19:14:36.324+09:00  WARN 10616 --- [boardPrac] [ool-2-thread-73] o.h.engine.jdbc.spi.SqlExceptionHelper   : SQL Error: 1062, SQLState: 23000
2024-07-05T19:14:36.324+09:00  WARN 10616 --- [boardPrac] [ool-2-thread-51] o.h.engine.jdbc.spi.SqlExceptionHelper   : SQL Error: 1062, SQLState: 23000
2024-07-05T19:14:36.324+09:00 ERROR 10616 --- [boardPrac] [ool-2-thread-73] o.h.engine.jdbc.spi.SqlExceptionHelper   : (conn=89) Duplicate entry 'dup5' for key 'name'
2024-07-05T19:14:36.324+09:00 ERROR 10616 --- [boardPrac] [ool-2-thread-51] o.h.engine.jdbc.spi.SqlExceptionHelper   : (conn=86) Duplicate entry 'dup5' for key 'name'
could not execute statement [(conn=92) Duplicate entry 'dup5' for key 'name'] [insert into users (name) values (?) returning user_id]; SQL [insert into users (name) values (?) returning user_id]; constraint [name]
could not execute statement [(conn=84) Duplicate entry 'dup5' for key 'name'] [insert into users (name) values (?) returning user_id]; SQL [insert into users (name) values (?) returning user_id]; constraint [name]
Hibernate: insert into users (name) values (?) returning user_id
could not execute statement [(conn=87) Duplicate entry 'dup5' for key 'name'] [insert into users (name) values (?) returning user_id]; SQL [insert into users (name) values (?) returning user_id]; constraint [name]
could not execute statement [(conn=91) Duplicate entry 'dup5' for key 'name'] [insert into users (name) values (?) returning user_id]; SQL [insert into users (name) values (?) returning user_id]; constraint [name]
could not execute statement [(conn=93) Duplicate entry 'dup5' for key 'name'] [insert into users (name) values (?) returning user_id]; SQL [insert into users (name) values (?) returning user_id]; constraint [name]
could not execute statement [(conn=85) Duplicate entry 'dup5' for key 'name'] [insert into users (name) values (?) returning user_id]; SQL [insert into users (name) values (?) returning user_id]; constraint [name]
Hibernate: insert into users (name) values (?) returning user_id
Hibernate: insert into users (name) values (?) returning user_id
could not execute statement [(conn=89) Duplicate entry 'dup5' for key 'name'] [insert into users (name) values (?) returning user_id]; SQL [insert into users (name) values (?) returning user_id]; constraint [name]
2024-07-05T19:14:36.327+09:00  WARN 10616 --- [boardPrac] [ool-2-thread-29] o.m.jdbc.message.server.ErrorPacket      : Error: 1062-23000: Duplicate entry 'dup5' for key 'name'
Hibernate: insert into users (name) values (?) returning user_id
could not execute statement [(conn=90) Duplicate entry 'dup5' for key 'name'] [insert into users (name) values (?) returning user_id]; SQL [insert into users (name) values (?) returning user_id]; constraint [name]
Hibernate: insert into users (name) values (?) returning user_id
could not execute statement [(conn=86) Duplicate entry 'dup5' for key 'name'] [insert into users (name) values (?) returning user_id]; SQL [insert into users (name) values (?) returning user_id]; constraint [name]
Hibernate: insert into users (name) values (?) returning user_id
2024-07-05T19:14:36.328+09:00  WARN 10616 --- [boardPrac] [ool-2-thread-29] o.h.engine.jdbc.spi.SqlExceptionHelper   : SQL Error: 1062, SQLState: 23000
Hibernate: insert into users (name) values (?) returning user_id
2024-07-05T19:14:36.328+09:00 ERROR 10616 --- [boardPrac] [ool-2-thread-29] o.h.engine.jdbc.spi.SqlExceptionHelper   : (conn=88) Duplicate entry 'dup5' for key 'name'
2024-07-05T19:14:36.329+09:00  WARN 10616 --- [boardPrac] [ool-2-thread-53] o.m.jdbc.message.server.ErrorPacket      : Error: 1062-23000: Duplicate entry 'dup5' for key 'name'
2024-07-05T19:14:36.329+09:00  WARN 10616 --- [boardPrac] [ool-2-thread-47] o.m.jdbc.message.server.ErrorPacket      : Error: 1062-23000: Duplicate entry 'dup5' for key 'name'
2024-07-05T19:14:36.329+09:00  WARN 10616 --- [boardPrac] [ool-2-thread-53] o.h.engine.jdbc.spi.SqlExceptionHelper   : SQL Error: 1062, SQLState: 23000
2024-07-05T19:14:36.330+09:00 ERROR 10616 --- [boardPrac] [ool-2-thread-53] o.h.engine.jdbc.spi.SqlExceptionHelper   : (conn=92) Duplicate entry 'dup5' for key 'name'
2024-07-05T19:14:36.330+09:00  WARN 10616 --- [boardPrac] [ool-2-thread-47] o.h.engine.jdbc.spi.SqlExceptionHelper   : SQL Error: 1062, SQLState: 23000
Hibernate: insert into users (name) values (?) returning user_id
2024-07-05T19:14:36.330+09:00 ERROR 10616 --- [boardPrac] [ool-2-thread-47] o.h.engine.jdbc.spi.SqlExceptionHelper   : (conn=84) Duplicate entry 'dup5' for key 'name'
Hibernate: insert into users (name) values (?) returning user_id
Hibernate: insert into users (name) values (?) returning user_id
2024-07-05T19:14:36.330+09:00  WARN 10616 --- [boardPrac] [ool-2-thread-71] o.m.jdbc.message.server.ErrorPacket      : Error: 1062-23000: Duplicate entry 'dup5' for key 'name'
2024-07-05T19:14:36.330+09:00  WARN 10616 --- [boardPrac] [ool-2-thread-15] o.m.jdbc.message.server.ErrorPacket      : Error: 1062-23000: Duplicate entry 'dup5' for key 'name'
2024-07-05T19:14:36.330+09:00  WARN 10616 --- [boardPrac] [ool-2-thread-49] o.m.jdbc.message.server.ErrorPacket      : Error: 1062-23000: Duplicate entry 'dup5' for key 'name'
2024-07-05T19:14:36.330+09:00  WARN 10616 --- [boardPrac] [pool-2-thread-7] o.m.jdbc.message.server.ErrorPacket      : Error: 1062-23000: Duplicate entry 'dup5' for key 'name'
2024-07-05T19:14:36.330+09:00  WARN 10616 --- [boardPrac] [ool-2-thread-15] o.h.engine.jdbc.spi.SqlExceptionHelper   : SQL Error: 1062, SQLState: 23000
2024-07-05T19:14:36.330+09:00  WARN 10616 --- [boardPrac] [ool-2-thread-49] o.h.engine.jdbc.spi.SqlExceptionHelper   : SQL Error: 1062, SQLState: 23000
2024-07-05T19:14:36.330+09:00 ERROR 10616 --- [boardPrac] [ool-2-thread-49] o.h.engine.jdbc.spi.SqlExceptionHelper   : (conn=91) Duplicate entry 'dup5' for key 'name'
2024-07-05T19:14:36.330+09:00  WARN 10616 --- [boardPrac] [pool-2-thread-7] o.h.engine.jdbc.spi.SqlExceptionHelper   : SQL Error: 1062, SQLState: 23000
2024-07-05T19:14:36.330+09:00 ERROR 10616 --- [boardPrac] [pool-2-thread-7] o.h.engine.jdbc.spi.SqlExceptionHelper   : (conn=87) Duplicate entry 'dup5' for key 'name'
2024-07-05T19:14:36.330+09:00  WARN 10616 --- [boardPrac] [ool-2-thread-71] o.h.engine.jdbc.spi.SqlExceptionHelper   : SQL Error: 1062, SQLState: 23000
2024-07-05T19:14:36.330+09:00 ERROR 10616 --- [boardPrac] [ool-2-thread-15] o.h.engine.jdbc.spi.SqlExceptionHelper   : (conn=93) Duplicate entry 'dup5' for key 'name'
2024-07-05T19:14:36.330+09:00 ERROR 10616 --- [boardPrac] [ool-2-thread-71] o.h.engine.jdbc.spi.SqlExceptionHelper   : (conn=85) Duplicate entry 'dup5' for key 'name'
could not execute statement [(conn=88) Duplicate entry 'dup5' for key 'name'] [insert into users (name) values (?) returning user_id]; SQL [insert into users (name) values (?) returning user_id]; constraint [name]
2024-07-05T19:14:36.332+09:00  WARN 10616 --- [boardPrac] [ool-2-thread-25] o.m.jdbc.message.server.ErrorPacket      : Error: 1062-23000: Duplicate entry 'dup5' for key 'name'
2024-07-05T19:14:36.332+09:00  WARN 10616 --- [boardPrac] [ol-2-thread-104] o.m.jdbc.message.server.ErrorPacket      : Error: 1062-23000: Duplicate entry 'dup5' for key 'name'
2024-07-05T19:14:36.332+09:00  WARN 10616 --- [boardPrac] [ool-2-thread-55] o.m.jdbc.message.server.ErrorPacket      : Error: 1062-23000: Duplicate entry 'dup5' for key 'name'
2024-07-05T19:14:36.332+09:00  WARN 10616 --- [boardPrac] [ool-2-thread-25] o.h.engine.jdbc.spi.SqlExceptionHelper   : SQL Error: 1062, SQLState: 23000
2024-07-05T19:14:36.332+09:00 ERROR 10616 --- [boardPrac] [ool-2-thread-25] o.h.engine.jdbc.spi.SqlExceptionHelper   : (conn=86) Duplicate entry 'dup5' for key 'name'
2024-07-05T19:14:36.332+09:00  WARN 10616 --- [boardPrac] [ol-2-thread-104] o.h.engine.jdbc.spi.SqlExceptionHelper   : SQL Error: 1062, SQLState: 23000
2024-07-05T19:14:36.332+09:00  WARN 10616 --- [boardPrac] [ool-2-thread-55] o.h.engine.jdbc.spi.SqlExceptionHelper   : SQL Error: 1062, SQLState: 23000
2024-07-05T19:14:36.333+09:00 ERROR 10616 --- [boardPrac] [ol-2-thread-104] o.h.engine.jdbc.spi.SqlExceptionHelper   : (conn=90) Duplicate entry 'dup5' for key 'name'
2024-07-05T19:14:36.333+09:00 ERROR 10616 --- [boardPrac] [ool-2-thread-55] o.h.engine.jdbc.spi.SqlExceptionHelper   : (conn=89) Duplicate entry 'dup5' for key 'name'
could not execute statement [(conn=87) Duplicate entry 'dup5' for key 'name'] [insert into users (name) values (?) returning user_id]; SQL [insert into users (name) values (?) returning user_id]; constraint [name]
could not execute statement [(conn=93) Duplicate entry 'dup5' for key 'name'] [insert into users (name) values (?) returning user_id]; SQL [insert into users (name) values (?) returning user_id]; constraint [name]
could not execute statement [(conn=91) Duplicate entry 'dup5' for key 'name'] [insert into users (name) values (?) returning user_id]; SQL [insert into users (name) values (?) returning user_id]; constraint [name]
could not execute statement [(conn=92) Duplicate entry 'dup5' for key 'name'] [insert into users (name) values (?) returning user_id]; SQL [insert into users (name) values (?) returning user_id]; constraint [name]
could not execute statement [(conn=84) Duplicate entry 'dup5' for key 'name'] [insert into users (name) values (?) returning user_id]; SQL [insert into users (name) values (?) returning user_id]; constraint [name]
could not execute statement [(conn=85) Duplicate entry 'dup5' for key 'name'] [insert into users (name) values (?) returning user_id]; SQL [insert into users (name) values (?) returning user_id]; constraint [name]
Hibernate: insert into users (name) values (?) returning user_id
could not execute statement [(conn=86) Duplicate entry 'dup5' for key 'name'] [insert into users (name) values (?) returning user_id]; SQL [insert into users (name) values (?) returning user_id]; constraint [name]
could not execute statement [(conn=90) Duplicate entry 'dup5' for key 'name'] [insert into users (name) values (?) returning user_id]; SQL [insert into users (name) values (?) returning user_id]; constraint [name]
could not execute statement [(conn=89) Duplicate entry 'dup5' for key 'name'] [insert into users (name) values (?) returning user_id]; SQL [insert into users (name) values (?) returning user_id]; constraint [name]
Hibernate: insert into users (name) values (?) returning user_id
Hibernate: insert into users (name) values (?) returning user_id
Hibernate: insert into users (name) values (?) returning user_id
Hibernate: insert into users (name) values (?) returning user_id
Hibernate: insert into users (name) values (?) returning user_id
Hibernate: insert into users (name) values (?) returning user_id
2024-07-05T19:14:36.337+09:00  WARN 10616 --- [boardPrac] [ool-2-thread-54] o.m.jdbc.message.server.ErrorPacket      : Error: 1062-23000: Duplicate entry 'dup5' for key 'name'
2024-07-05T19:14:36.337+09:00  WARN 10616 --- [boardPrac] [ool-2-thread-54] o.h.engine.jdbc.spi.SqlExceptionHelper   : SQL Error: 1062, SQLState: 23000
2024-07-05T19:14:36.337+09:00 ERROR 10616 --- [boardPrac] [ool-2-thread-54] o.h.engine.jdbc.spi.SqlExceptionHelper   : (conn=88) Duplicate entry 'dup5' for key 'name'
Hibernate: insert into users (name) values (?) returning user_id
Hibernate: insert into users (name) values (?) returning user_id
Hibernate: insert into users (name) values (?) returning user_id
2024-07-05T19:14:36.339+09:00  WARN 10616 --- [boardPrac] [ool-2-thread-30] o.m.jdbc.message.server.ErrorPacket      : Error: 1062-23000: Duplicate entry 'dup5' for key 'name'
2024-07-05T19:14:36.339+09:00  WARN 10616 --- [boardPrac] [ool-2-thread-68] o.m.jdbc.message.server.ErrorPacket      : Error: 1062-23000: Duplicate entry 'dup5' for key 'name'
2024-07-05T19:14:36.339+09:00  WARN 10616 --- [boardPrac] [ool-2-thread-30] o.h.engine.jdbc.spi.SqlExceptionHelper   : SQL Error: 1062, SQLState: 23000
2024-07-05T19:14:36.339+09:00 ERROR 10616 --- [boardPrac] [ool-2-thread-30] o.h.engine.jdbc.spi.SqlExceptionHelper   : (conn=92) Duplicate entry 'dup5' for key 'name'
2024-07-05T19:14:36.339+09:00  WARN 10616 --- [boardPrac] [ool-2-thread-68] o.h.engine.jdbc.spi.SqlExceptionHelper   : SQL Error: 1062, SQLState: 23000
2024-07-05T19:14:36.339+09:00 ERROR 10616 --- [boardPrac] [ool-2-thread-68] o.h.engine.jdbc.spi.SqlExceptionHelper   : (conn=84) Duplicate entry 'dup5' for key 'name'
2024-07-05T19:14:36.339+09:00  WARN 10616 --- [boardPrac] [ool-2-thread-38] o.m.jdbc.message.server.ErrorPacket      : Error: 1062-23000: Duplicate entry 'dup5' for key 'name'
2024-07-05T19:14:36.339+09:00  WARN 10616 --- [boardPrac] [ool-2-thread-65] o.m.jdbc.message.server.ErrorPacket      : Error: 1062-23000: Duplicate entry 'dup5' for key 'name'
2024-07-05T19:14:36.339+09:00  WARN 10616 --- [boardPrac] [ool-2-thread-38] o.h.engine.jdbc.spi.SqlExceptionHelper   : SQL Error: 1062, SQLState: 23000
2024-07-05T19:14:36.339+09:00 ERROR 10616 --- [boardPrac] [ool-2-thread-38] o.h.engine.jdbc.spi.SqlExceptionHelper   : (conn=87) Duplicate entry 'dup5' for key 'name'
2024-07-05T19:14:36.339+09:00  WARN 10616 --- [boardPrac] [ool-2-thread-65] o.h.engine.jdbc.spi.SqlExceptionHelper   : SQL Error: 1062, SQLState: 23000
2024-07-05T19:14:36.339+09:00 ERROR 10616 --- [boardPrac] [ool-2-thread-65] o.h.engine.jdbc.spi.SqlExceptionHelper   : (conn=85) Duplicate entry 'dup5' for key 'name'
2024-07-05T19:14:36.339+09:00  WARN 10616 --- [boardPrac] [ol-2-thread-106] o.m.jdbc.message.server.ErrorPacket      : Error: 1062-23000: Duplicate entry 'dup5' for key 'name'
2024-07-05T19:14:36.339+09:00  WARN 10616 --- [boardPrac] [ool-2-thread-23] o.m.jdbc.message.server.ErrorPacket      : Error: 1062-23000: Duplicate entry 'dup5' for key 'name'
2024-07-05T19:14:36.339+09:00  WARN 10616 --- [boardPrac] [ool-2-thread-23] o.h.engine.jdbc.spi.SqlExceptionHelper   : SQL Error: 1062, SQLState: 23000
2024-07-05T19:14:36.339+09:00  WARN 10616 --- [boardPrac] [ol-2-thread-106] o.h.engine.jdbc.spi.SqlExceptionHelper   : SQL Error: 1062, SQLState: 23000
2024-07-05T19:14:36.339+09:00 ERROR 10616 --- [boardPrac] [ool-2-thread-23] o.h.engine.jdbc.spi.SqlExceptionHelper   : (conn=93) Duplicate entry 'dup5' for key 'name'
2024-07-05T19:14:36.339+09:00 ERROR 10616 --- [boardPrac] [ol-2-thread-106] o.h.engine.jdbc.spi.SqlExceptionHelper   : (conn=91) Duplicate entry 'dup5' for key 'name'
could not execute statement [(conn=88) Duplicate entry 'dup5' for key 'name'] [insert into users (name) values (?) returning user_id]; SQL [insert into users (name) values (?) returning user_id]; constraint [name]
2024-07-05T19:14:36.341+09:00  WARN 10616 --- [boardPrac] [ool-2-thread-50] o.m.jdbc.message.server.ErrorPacket      : Error: 1062-23000: Duplicate entry 'dup5' for key 'name'
2024-07-05T19:14:36.341+09:00  WARN 10616 --- [boardPrac] [ool-2-thread-60] o.m.jdbc.message.server.ErrorPacket      : Error: 1062-23000: Duplicate entry 'dup5' for key 'name'
2024-07-05T19:14:36.341+09:00  WARN 10616 --- [boardPrac] [ool-2-thread-36] o.m.jdbc.message.server.ErrorPacket      : Error: 1062-23000: Duplicate entry 'dup5' for key 'name'
2024-07-05T19:14:36.341+09:00  WARN 10616 --- [boardPrac] [ool-2-thread-60] o.h.engine.jdbc.spi.SqlExceptionHelper   : SQL Error: 1062, SQLState: 23000
2024-07-05T19:14:36.341+09:00  WARN 10616 --- [boardPrac] [ool-2-thread-50] o.h.engine.jdbc.spi.SqlExceptionHelper   : SQL Error: 1062, SQLState: 23000
2024-07-05T19:14:36.341+09:00 ERROR 10616 --- [boardPrac] [ool-2-thread-60] o.h.engine.jdbc.spi.SqlExceptionHelper   : (conn=90) Duplicate entry 'dup5' for key 'name'
2024-07-05T19:14:36.341+09:00  WARN 10616 --- [boardPrac] [ool-2-thread-36] o.h.engine.jdbc.spi.SqlExceptionHelper   : SQL Error: 1062, SQLState: 23000
2024-07-05T19:14:36.341+09:00 ERROR 10616 --- [boardPrac] [ool-2-thread-50] o.h.engine.jdbc.spi.SqlExceptionHelper   : (conn=89) Duplicate entry 'dup5' for key 'name'
2024-07-05T19:14:36.342+09:00 ERROR 10616 --- [boardPrac] [ool-2-thread-36] o.h.engine.jdbc.spi.SqlExceptionHelper   : (conn=86) Duplicate entry 'dup5' for key 'name'
Hibernate: insert into users (name) values (?) returning user_id
could not execute statement [(conn=87) Duplicate entry 'dup5' for key 'name'] [insert into users (name) values (?) returning user_id]; SQL [insert into users (name) values (?) returning user_id]; constraint [name]
could not execute statement [(conn=92) Duplicate entry 'dup5' for key 'name'] [insert into users (name) values (?) returning user_id]; SQL [insert into users (name) values (?) returning user_id]; constraint [name]
could not execute statement [(conn=84) Duplicate entry 'dup5' for key 'name'] [insert into users (name) values (?) returning user_id]; SQL [insert into users (name) values (?) returning user_id]; constraint [name]
could not execute statement [(conn=85) Duplicate entry 'dup5' for key 'name'] [insert into users (name) values (?) returning user_id]; SQL [insert into users (name) values (?) returning user_id]; constraint [name]
could not execute statement [(conn=93) Duplicate entry 'dup5' for key 'name'] [insert into users (name) values (?) returning user_id]; SQL [insert into users (name) values (?) returning user_id]; constraint [name]
could not execute statement [(conn=91) Duplicate entry 'dup5' for key 'name'] [insert into users (name) values (?) returning user_id]; SQL [insert into users (name) values (?) returning user_id]; constraint [name]
2024-07-05T19:14:36.344+09:00  WARN 10616 --- [boardPrac] [ool-2-thread-41] o.m.jdbc.message.server.ErrorPacket      : Error: 1062-23000: Duplicate entry 'dup5' for key 'name'
2024-07-05T19:14:36.344+09:00  WARN 10616 --- [boardPrac] [ool-2-thread-41] o.h.engine.jdbc.spi.SqlExceptionHelper   : SQL Error: 1062, SQLState: 23000
2024-07-05T19:14:36.344+09:00 ERROR 10616 --- [boardPrac] [ool-2-thread-41] o.h.engine.jdbc.spi.SqlExceptionHelper   : (conn=88) Duplicate entry 'dup5' for key 'name'
could not execute statement [(conn=86) Duplicate entry 'dup5' for key 'name'] [insert into users (name) values (?) returning user_id]; SQL [insert into users (name) values (?) returning user_id]; constraint [name]
Hibernate: insert into users (name) values (?) returning user_id
Hibernate: insert into users (name) values (?) returning user_id
Hibernate: insert into users (name) values (?) returning user_id
Hibernate: insert into users (name) values (?) returning user_id
could not execute statement [(conn=89) Duplicate entry 'dup5' for key 'name'] [insert into users (name) values (?) returning user_id]; SQL [insert into users (name) values (?) returning user_id]; constraint [name]
could not execute statement [(conn=90) Duplicate entry 'dup5' for key 'name'] [insert into users (name) values (?) returning user_id]; SQL [insert into users (name) values (?) returning user_id]; constraint [name]
Hibernate: insert into users (name) values (?) returning user_id
Hibernate: insert into users (name) values (?) returning user_id
2024-07-05T19:14:36.347+09:00  WARN 10616 --- [boardPrac] [ool-2-thread-18] o.m.jdbc.message.server.ErrorPacket      : Error: 1062-23000: Duplicate entry 'dup5' for key 'name'
Hibernate: insert into users (name) values (?) returning user_id
Hibernate: insert into users (name) values (?) returning user_id
Hibernate: insert into users (name) values (?) returning user_id
2024-07-05T19:14:36.347+09:00  WARN 10616 --- [boardPrac] [ool-2-thread-18] o.h.engine.jdbc.spi.SqlExceptionHelper   : SQL Error: 1062, SQLState: 23000
2024-07-05T19:14:36.347+09:00 ERROR 10616 --- [boardPrac] [ool-2-thread-18] o.h.engine.jdbc.spi.SqlExceptionHelper   : (conn=91) Duplicate entry 'dup5' for key 'name'
2024-07-05T19:14:36.347+09:00  WARN 10616 --- [boardPrac] [ool-2-thread-57] o.m.jdbc.message.server.ErrorPacket      : Error: 1062-23000: Duplicate entry 'dup5' for key 'name'
2024-07-05T19:14:36.348+09:00  WARN 10616 --- [boardPrac] [ool-2-thread-57] o.h.engine.jdbc.spi.SqlExceptionHelper   : SQL Error: 1062, SQLState: 23000
2024-07-05T19:14:36.348+09:00 ERROR 10616 --- [boardPrac] [ool-2-thread-57] o.h.engine.jdbc.spi.SqlExceptionHelper   : (conn=93) Duplicate entry 'dup5' for key 'name'
2024-07-05T19:14:36.348+09:00  WARN 10616 --- [boardPrac] [ool-2-thread-37] o.m.jdbc.message.server.ErrorPacket      : Error: 1062-23000: Duplicate entry 'dup5' for key 'name'
2024-07-05T19:14:36.348+09:00  WARN 10616 --- [boardPrac] [ool-2-thread-37] o.h.engine.jdbc.spi.SqlExceptionHelper   : SQL Error: 1062, SQLState: 23000
2024-07-05T19:14:36.348+09:00 ERROR 10616 --- [boardPrac] [ool-2-thread-37] o.h.engine.jdbc.spi.SqlExceptionHelper   : (conn=85) Duplicate entry 'dup5' for key 'name'
2024-07-05T19:14:36.349+09:00  WARN 10616 --- [boardPrac] [ool-2-thread-72] o.m.jdbc.message.server.ErrorPacket      : Error: 1062-23000: Duplicate entry 'dup5' for key 'name'
2024-07-05T19:14:36.349+09:00  WARN 10616 --- [boardPrac] [ool-2-thread-72] o.h.engine.jdbc.spi.SqlExceptionHelper   : SQL Error: 1062, SQLState: 23000
2024-07-05T19:14:36.349+09:00 ERROR 10616 --- [boardPrac] [ool-2-thread-72] o.h.engine.jdbc.spi.SqlExceptionHelper   : (conn=92) Duplicate entry 'dup5' for key 'name'
2024-07-05T19:14:36.349+09:00  WARN 10616 --- [boardPrac] [pool-2-thread-5] o.m.jdbc.message.server.ErrorPacket      : Error: 1062-23000: Duplicate entry 'dup5' for key 'name'
could not execute statement [(conn=88) Duplicate entry 'dup5' for key 'name'] [insert into users (name) values (?) returning user_id]; SQL [insert into users (name) values (?) returning user_id]; constraint [name]
2024-07-05T19:14:36.349+09:00  WARN 10616 --- [boardPrac] [ool-2-thread-98] o.m.jdbc.message.server.ErrorPacket      : Error: 1062-23000: Duplicate entry 'dup5' for key 'name'
2024-07-05T19:14:36.349+09:00  WARN 10616 --- [boardPrac] [pool-2-thread-5] o.h.engine.jdbc.spi.SqlExceptionHelper   : SQL Error: 1062, SQLState: 23000
2024-07-05T19:14:36.349+09:00 ERROR 10616 --- [boardPrac] [pool-2-thread-5] o.h.engine.jdbc.spi.SqlExceptionHelper   : (conn=84) Duplicate entry 'dup5' for key 'name'
2024-07-05T19:14:36.349+09:00  WARN 10616 --- [boardPrac] [ool-2-thread-98] o.h.engine.jdbc.spi.SqlExceptionHelper   : SQL Error: 1062, SQLState: 23000
2024-07-05T19:14:36.349+09:00 ERROR 10616 --- [boardPrac] [ool-2-thread-98] o.h.engine.jdbc.spi.SqlExceptionHelper   : (conn=87) Duplicate entry 'dup5' for key 'name'
2024-07-05T19:14:36.350+09:00  WARN 10616 --- [boardPrac] [ool-2-thread-61] o.m.jdbc.message.server.ErrorPacket      : Error: 1062-23000: Duplicate entry 'dup5' for key 'name'
2024-07-05T19:14:36.350+09:00  WARN 10616 --- [boardPrac] [ool-2-thread-56] o.m.jdbc.message.server.ErrorPacket      : Error: 1062-23000: Duplicate entry 'dup5' for key 'name'
2024-07-05T19:14:36.350+09:00  WARN 10616 --- [boardPrac] [ool-2-thread-59] o.m.jdbc.message.server.ErrorPacket      : Error: 1062-23000: Duplicate entry 'dup5' for key 'name'
2024-07-05T19:14:36.350+09:00  WARN 10616 --- [boardPrac] [ool-2-thread-61] o.h.engine.jdbc.spi.SqlExceptionHelper   : SQL Error: 1062, SQLState: 23000
2024-07-05T19:14:36.350+09:00 ERROR 10616 --- [boardPrac] [ool-2-thread-61] o.h.engine.jdbc.spi.SqlExceptionHelper   : (conn=90) Duplicate entry 'dup5' for key 'name'
2024-07-05T19:14:36.350+09:00  WARN 10616 --- [boardPrac] [ool-2-thread-56] o.h.engine.jdbc.spi.SqlExceptionHelper   : SQL Error: 1062, SQLState: 23000
2024-07-05T19:14:36.350+09:00  WARN 10616 --- [boardPrac] [ool-2-thread-59] o.h.engine.jdbc.spi.SqlExceptionHelper   : SQL Error: 1062, SQLState: 23000
2024-07-05T19:14:36.350+09:00 ERROR 10616 --- [boardPrac] [ool-2-thread-56] o.h.engine.jdbc.spi.SqlExceptionHelper   : (conn=89) Duplicate entry 'dup5' for key 'name'
2024-07-05T19:14:36.350+09:00 ERROR 10616 --- [boardPrac] [ool-2-thread-59] o.h.engine.jdbc.spi.SqlExceptionHelper   : (conn=86) Duplicate entry 'dup5' for key 'name'
[...]
2024-07-05T19:14:37.081+09:00  WARN 10616 --- [boardPrac] [ol-2-thread-976] o.h.engine.jdbc.spi.SqlExceptionHelper   : SQL Error: 1062, SQLState: 23000
Hibernate: insert into users (name) values (?) returning user_id
2024-07-05T19:14:37.081+09:00 ERROR 10616 --- [boardPrac] [ol-2-thread-975] o.h.engine.jdbc.spi.SqlExceptionHelper   : (conn=85) Duplicate entry 'dup5' for key 'name'
2024-07-05T19:14:37.081+09:00 ERROR 10616 --- [boardPrac] [ol-2-thread-976] o.h.engine.jdbc.spi.SqlExceptionHelper   : (conn=91) Duplicate entry 'dup5' for key 'name'
2024-07-05T19:14:37.081+09:00  WARN 10616 --- [boardPrac] [ol-2-thread-977] o.h.engine.jdbc.spi.SqlExceptionHelper   : SQL Error: 1062, SQLState: 23000
2024-07-05T19:14:37.081+09:00 ERROR 10616 --- [boardPrac] [ol-2-thread-977] o.h.engine.jdbc.spi.SqlExceptionHelper   : (conn=92) Duplicate entry 'dup5' for key 'name'
2024-07-05T19:14:37.082+09:00  WARN 10616 --- [boardPrac] [ol-2-thread-979] o.m.jdbc.message.server.ErrorPacket      : Error: 1062-23000: Duplicate entry 'dup5' for key 'name'
could not execute statement [(conn=93) Duplicate entry 'dup5' for key 'name'] [insert into users (name) values (?) returning user_id]; SQL [insert into users (name) values (?) returning user_id]; constraint [name]
could not execute statement [(conn=89) Duplicate entry 'dup5' for key 'name'] [insert into users (name) values (?) returning user_id]; SQL [insert into users (name) values (?) returning user_id]; constraint [name]
2024-07-05T19:14:37.082+09:00  WARN 10616 --- [boardPrac] [ol-2-thread-979] o.h.engine.jdbc.spi.SqlExceptionHelper   : SQL Error: 1062, SQLState: 23000
could not execute statement [(conn=84) Duplicate entry 'dup5' for key 'name'] [insert into users (name) values (?) returning user_id]; SQL [insert into users (name) values (?) returning user_id]; constraint [name]
2024-07-05T19:14:37.082+09:00 ERROR 10616 --- [boardPrac] [ol-2-thread-979] o.h.engine.jdbc.spi.SqlExceptionHelper   : (conn=88) Duplicate entry 'dup5' for key 'name'
Hibernate: insert into users (name) values (?) returning user_id
2024-07-05T19:14:37.082+09:00  WARN 10616 --- [boardPrac] [ol-2-thread-978] o.m.jdbc.message.server.ErrorPacket      : Error: 1062-23000: Duplicate entry 'dup5' for key 'name'
2024-07-05T19:14:37.082+09:00  WARN 10616 --- [boardPrac] [ol-2-thread-980] o.m.jdbc.message.server.ErrorPacket      : Error: 1062-23000: Duplicate entry 'dup5' for key 'name'
2024-07-05T19:14:37.082+09:00  WARN 10616 --- [boardPrac] [ol-2-thread-980] o.h.engine.jdbc.spi.SqlExceptionHelper   : SQL Error: 1062, SQLState: 23000
2024-07-05T19:14:37.082+09:00  WARN 10616 --- [boardPrac] [ol-2-thread-978] o.h.engine.jdbc.spi.SqlExceptionHelper   : SQL Error: 1062, SQLState: 23000
2024-07-05T19:14:37.082+09:00 ERROR 10616 --- [boardPrac] [ol-2-thread-980] o.h.engine.jdbc.spi.SqlExceptionHelper   : (conn=87) Duplicate entry 'dup5' for key 'name'
2024-07-05T19:14:37.082+09:00 ERROR 10616 --- [boardPrac] [ol-2-thread-978] o.h.engine.jdbc.spi.SqlExceptionHelper   : (conn=90) Duplicate entry 'dup5' for key 'name'
could not execute statement [(conn=85) Duplicate entry 'dup5' for key 'name'] [insert into users (name) values (?) returning user_id]; SQL [insert into users (name) values (?) returning user_id]; constraint [name]
could not execute statement [(conn=92) Duplicate entry 'dup5' for key 'name'] [insert into users (name) values (?) returning user_id]; SQL [insert into users (name) values (?) returning user_id]; constraint [name]
could not execute statement [(conn=91) Duplicate entry 'dup5' for key 'name'] [insert into users (name) values (?) returning user_id]; SQL [insert into users (name) values (?) returning user_id]; constraint [name]
Hibernate: insert into users (name) values (?) returning user_id
Hibernate: insert into users (name) values (?) returning user_id
Hibernate: insert into users (name) values (?) returning user_id
2024-07-05T19:14:37.083+09:00  WARN 10616 --- [boardPrac] [ol-2-thread-981] o.m.jdbc.message.server.ErrorPacket      : Error: 1062-23000: Duplicate entry 'dup5' for key 'name'
2024-07-05T19:14:37.083+09:00  WARN 10616 --- [boardPrac] [ol-2-thread-981] o.h.engine.jdbc.spi.SqlExceptionHelper   : SQL Error: 1062, SQLState: 23000
2024-07-05T19:14:37.083+09:00 ERROR 10616 --- [boardPrac] [ol-2-thread-981] o.h.engine.jdbc.spi.SqlExceptionHelper   : (conn=86) Duplicate entry 'dup5' for key 'name'
Hibernate: insert into users (name) values (?) returning user_id
could not execute statement [(conn=88) Duplicate entry 'dup5' for key 'name'] [insert into users (name) values (?) returning user_id]; SQL [insert into users (name) values (?) returning user_id]; constraint [name]
2024-07-05T19:14:37.084+09:00  WARN 10616 --- [boardPrac] [ol-2-thread-982] o.m.jdbc.message.server.ErrorPacket      : Error: 1062-23000: Duplicate entry 'dup5' for key 'name'
Hibernate: insert into users (name) values (?) returning user_id
2024-07-05T19:14:37.084+09:00  WARN 10616 --- [boardPrac] [ol-2-thread-983] o.m.jdbc.message.server.ErrorPacket      : Error: 1062-23000: Duplicate entry 'dup5' for key 'name'
Hibernate: insert into users (name) values (?) returning user_id
2024-07-05T19:14:37.084+09:00  WARN 10616 --- [boardPrac] [ol-2-thread-982] o.h.engine.jdbc.spi.SqlExceptionHelper   : SQL Error: 1062, SQLState: 23000
2024-07-05T19:14:37.084+09:00  WARN 10616 --- [boardPrac] [ol-2-thread-984] o.m.jdbc.message.server.ErrorPacket      : Error: 1062-23000: Duplicate entry 'dup5' for key 'name'
2024-07-05T19:14:37.084+09:00 ERROR 10616 --- [boardPrac] [ol-2-thread-982] o.h.engine.jdbc.spi.SqlExceptionHelper   : (conn=84) Duplicate entry 'dup5' for key 'name'
could not execute statement [(conn=90) Duplicate entry 'dup5' for key 'name'] [insert into users (name) values (?) returning user_id]; SQL [insert into users (name) values (?) returning user_id]; constraint [name]
2024-07-05T19:14:37.084+09:00  WARN 10616 --- [boardPrac] [ol-2-thread-983] o.h.engine.jdbc.spi.SqlExceptionHelper   : SQL Error: 1062, SQLState: 23000
2024-07-05T19:14:37.084+09:00 ERROR 10616 --- [boardPrac] [ol-2-thread-983] o.h.engine.jdbc.spi.SqlExceptionHelper   : (conn=89) Duplicate entry 'dup5' for key 'name'
could not execute statement [(conn=87) Duplicate entry 'dup5' for key 'name'] [insert into users (name) values (?) returning user_id]; SQL [insert into users (name) values (?) returning user_id]; constraint [name]
2024-07-05T19:14:37.084+09:00  WARN 10616 --- [boardPrac] [ol-2-thread-984] o.h.engine.jdbc.spi.SqlExceptionHelper   : SQL Error: 1062, SQLState: 23000
2024-07-05T19:14:37.084+09:00 ERROR 10616 --- [boardPrac] [ol-2-thread-984] o.h.engine.jdbc.spi.SqlExceptionHelper   : (conn=93) Duplicate entry 'dup5' for key 'name'
could not execute statement [(conn=86) Duplicate entry 'dup5' for key 'name'] [insert into users (name) values (?) returning user_id]; SQL [insert into users (name) values (?) returning user_id]; constraint [name]
2024-07-05T19:14:37.086+09:00  WARN 10616 --- [boardPrac] [ol-2-thread-986] o.m.jdbc.message.server.ErrorPacket      : Error: 1062-23000: Duplicate entry 'dup5' for key 'name'
Hibernate: insert into users (name) values (?) returning user_id
2024-07-05T19:14:37.086+09:00  WARN 10616 --- [boardPrac] [ol-2-thread-985] o.m.jdbc.message.server.ErrorPacket      : Error: 1062-23000: Duplicate entry 'dup5' for key 'name'
Hibernate: insert into users (name) values (?) returning user_id
2024-07-05T19:14:37.086+09:00  WARN 10616 --- [boardPrac] [ol-2-thread-986] o.h.engine.jdbc.spi.SqlExceptionHelper   : SQL Error: 1062, SQLState: 23000
2024-07-05T19:14:37.086+09:00 ERROR 10616 --- [boardPrac] [ol-2-thread-986] o.h.engine.jdbc.spi.SqlExceptionHelper   : (conn=91) Duplicate entry 'dup5' for key 'name'
2024-07-05T19:14:37.086+09:00  WARN 10616 --- [boardPrac] [ol-2-thread-985] o.h.engine.jdbc.spi.SqlExceptionHelper   : SQL Error: 1062, SQLState: 23000
2024-07-05T19:14:37.086+09:00 ERROR 10616 --- [boardPrac] [ol-2-thread-985] o.h.engine.jdbc.spi.SqlExceptionHelper   : (conn=85) Duplicate entry 'dup5' for key 'name'
Hibernate: insert into users (name) values (?) returning user_id
2024-07-05T19:14:37.087+09:00  WARN 10616 --- [boardPrac] [ol-2-thread-987] o.m.jdbc.message.server.ErrorPacket      : Error: 1062-23000: Duplicate entry 'dup5' for key 'name'
2024-07-05T19:14:37.087+09:00  WARN 10616 --- [boardPrac] [ol-2-thread-987] o.h.engine.jdbc.spi.SqlExceptionHelper   : SQL Error: 1062, SQLState: 23000
2024-07-05T19:14:37.087+09:00 ERROR 10616 --- [boardPrac] [ol-2-thread-987] o.h.engine.jdbc.spi.SqlExceptionHelper   : (conn=92) Duplicate entry 'dup5' for key 'name'
could not execute statement [(conn=84) Duplicate entry 'dup5' for key 'name'] [insert into users (name) values (?) returning user_id]; SQL [insert into users (name) values (?) returning user_id]; constraint [name]
could not execute statement [(conn=89) Duplicate entry 'dup5' for key 'name'] [insert into users (name) values (?) returning user_id]; SQL [insert into users (name) values (?) returning user_id]; constraint [name]
could not execute statement [(conn=93) Duplicate entry 'dup5' for key 'name'] [insert into users (name) values (?) returning user_id]; SQL [insert into users (name) values (?) returning user_id]; constraint [name]
2024-07-05T19:14:37.088+09:00  WARN 10616 --- [boardPrac] [ol-2-thread-988] o.m.jdbc.message.server.ErrorPacket      : Error: 1062-23000: Duplicate entry 'dup5' for key 'name'
2024-07-05T19:14:37.088+09:00  WARN 10616 --- [boardPrac] [ol-2-thread-989] o.m.jdbc.message.server.ErrorPacket      : Error: 1062-23000: Duplicate entry 'dup5' for key 'name'
2024-07-05T19:14:37.088+09:00  WARN 10616 --- [boardPrac] [ol-2-thread-990] o.m.jdbc.message.server.ErrorPacket      : Error: 1062-23000: Duplicate entry 'dup5' for key 'name'
Hibernate: insert into users (name) values (?) returning user_id
2024-07-05T19:14:37.088+09:00  WARN 10616 --- [boardPrac] [ol-2-thread-988] o.h.engine.jdbc.spi.SqlExceptionHelper   : SQL Error: 1062, SQLState: 23000
2024-07-05T19:14:37.088+09:00  WARN 10616 --- [boardPrac] [ol-2-thread-989] o.h.engine.jdbc.spi.SqlExceptionHelper   : SQL Error: 1062, SQLState: 23000
2024-07-05T19:14:37.088+09:00 ERROR 10616 --- [boardPrac] [ol-2-thread-988] o.h.engine.jdbc.spi.SqlExceptionHelper   : (conn=88) Duplicate entry 'dup5' for key 'name'
2024-07-05T19:14:37.088+09:00 ERROR 10616 --- [boardPrac] [ol-2-thread-989] o.h.engine.jdbc.spi.SqlExceptionHelper   : (conn=90) Duplicate entry 'dup5' for key 'name'
2024-07-05T19:14:37.088+09:00  WARN 10616 --- [boardPrac] [ol-2-thread-990] o.h.engine.jdbc.spi.SqlExceptionHelper   : SQL Error: 1062, SQLState: 23000
2024-07-05T19:14:37.088+09:00 ERROR 10616 --- [boardPrac] [ol-2-thread-990] o.h.engine.jdbc.spi.SqlExceptionHelper   : (conn=87) Duplicate entry 'dup5' for key 'name'
could not execute statement [(conn=91) Duplicate entry 'dup5' for key 'name'] [insert into users (name) values (?) returning user_id]; SQL [insert into users (name) values (?) returning user_id]; constraint [name]
could not execute statement [(conn=85) Duplicate entry 'dup5' for key 'name'] [insert into users (name) values (?) returning user_id]; SQL [insert into users (name) values (?) returning user_id]; constraint [name]
could not execute statement [(conn=92) Duplicate entry 'dup5' for key 'name'] [insert into users (name) values (?) returning user_id]; SQL [insert into users (name) values (?) returning user_id]; constraint [name]
Hibernate: insert into users (name) values (?) returning user_id
2024-07-05T19:14:37.089+09:00  WARN 10616 --- [boardPrac] [ol-2-thread-991] o.m.jdbc.message.server.ErrorPacket      : Error: 1062-23000: Duplicate entry 'dup5' for key 'name'
Hibernate: insert into users (name) values (?) returning user_id
Hibernate: insert into users (name) values (?) returning user_id
2024-07-05T19:14:37.089+09:00  WARN 10616 --- [boardPrac] [ol-2-thread-991] o.h.engine.jdbc.spi.SqlExceptionHelper   : SQL Error: 1062, SQLState: 23000
2024-07-05T19:14:37.089+09:00 ERROR 10616 --- [boardPrac] [ol-2-thread-991] o.h.engine.jdbc.spi.SqlExceptionHelper   : (conn=86) Duplicate entry 'dup5' for key 'name'
could not execute statement [(conn=88) Duplicate entry 'dup5' for key 'name'] [insert into users (name) values (?) returning user_id]; SQL [insert into users (name) values (?) returning user_id]; constraint [name]
could not execute statement [(conn=90) Duplicate entry 'dup5' for key 'name'] [insert into users (name) values (?) returning user_id]; SQL [insert into users (name) values (?) returning user_id]; constraint [name]
Hibernate: insert into users (name) values (?) returning user_id
Hibernate: insert into users (name) values (?) returning user_id
2024-07-05T19:14:37.090+09:00  WARN 10616 --- [boardPrac] [ol-2-thread-994] o.m.jdbc.message.server.ErrorPacket      : Error: 1062-23000: Duplicate entry 'dup5' for key 'name'
Hibernate: insert into users (name) values (?) returning user_id
could not execute statement [(conn=87) Duplicate entry 'dup5' for key 'name'] [insert into users (name) values (?) returning user_id]; SQL [insert into users (name) values (?) returning user_id]; constraint [name]
2024-07-05T19:14:37.091+09:00  WARN 10616 --- [boardPrac] [ol-2-thread-993] o.m.jdbc.message.server.ErrorPacket      : Error: 1062-23000: Duplicate entry 'dup5' for key 'name'
2024-07-05T19:14:37.091+09:00  WARN 10616 --- [boardPrac] [ol-2-thread-992] o.m.jdbc.message.server.ErrorPacket      : Error: 1062-23000: Duplicate entry 'dup5' for key 'name'
2024-07-05T19:14:37.091+09:00  WARN 10616 --- [boardPrac] [ol-2-thread-994] o.h.engine.jdbc.spi.SqlExceptionHelper   : SQL Error: 1062, SQLState: 23000
2024-07-05T19:14:37.091+09:00  WARN 10616 --- [boardPrac] [ol-2-thread-992] o.h.engine.jdbc.spi.SqlExceptionHelper   : SQL Error: 1062, SQLState: 23000
2024-07-05T19:14:37.091+09:00 ERROR 10616 --- [boardPrac] [ol-2-thread-994] o.h.engine.jdbc.spi.SqlExceptionHelper   : (conn=84) Duplicate entry 'dup5' for key 'name'
2024-07-05T19:14:37.091+09:00 ERROR 10616 --- [boardPrac] [ol-2-thread-992] o.h.engine.jdbc.spi.SqlExceptionHelper   : (conn=93) Duplicate entry 'dup5' for key 'name'
2024-07-05T19:14:37.091+09:00  WARN 10616 --- [boardPrac] [ol-2-thread-993] o.h.engine.jdbc.spi.SqlExceptionHelper   : SQL Error: 1062, SQLState: 23000
2024-07-05T19:14:37.091+09:00 ERROR 10616 --- [boardPrac] [ol-2-thread-993] o.h.engine.jdbc.spi.SqlExceptionHelper   : (conn=89) Duplicate entry 'dup5' for key 'name'
could not execute statement [(conn=86) Duplicate entry 'dup5' for key 'name'] [insert into users (name) values (?) returning user_id]; SQL [insert into users (name) values (?) returning user_id]; constraint [name]
Hibernate: insert into users (name) values (?) returning user_id
Hibernate: insert into users (name) values (?) returning user_id
Hibernate: insert into users (name) values (?) returning user_id
2024-07-05T19:14:37.092+09:00  WARN 10616 --- [boardPrac] [ol-2-thread-995] o.m.jdbc.message.server.ErrorPacket      : Error: 1062-23000: Duplicate entry 'dup5' for key 'name'
2024-07-05T19:14:37.092+09:00  WARN 10616 --- [boardPrac] [ol-2-thread-997] o.m.jdbc.message.server.ErrorPacket      : Error: 1062-23000: Duplicate entry 'dup5' for key 'name'
2024-07-05T19:14:37.092+09:00  WARN 10616 --- [boardPrac] [ol-2-thread-996] o.m.jdbc.message.server.ErrorPacket      : Error: 1062-23000: Duplicate entry 'dup5' for key 'name'
2024-07-05T19:14:37.092+09:00  WARN 10616 --- [boardPrac] [ol-2-thread-995] o.h.engine.jdbc.spi.SqlExceptionHelper   : SQL Error: 1062, SQLState: 23000
2024-07-05T19:14:37.092+09:00 ERROR 10616 --- [boardPrac] [ol-2-thread-995] o.h.engine.jdbc.spi.SqlExceptionHelper   : (conn=91) Duplicate entry 'dup5' for key 'name'
2024-07-05T19:14:37.092+09:00  WARN 10616 --- [boardPrac] [ol-2-thread-996] o.h.engine.jdbc.spi.SqlExceptionHelper   : SQL Error: 1062, SQLState: 23000
2024-07-05T19:14:37.092+09:00 ERROR 10616 --- [boardPrac] [ol-2-thread-996] o.h.engine.jdbc.spi.SqlExceptionHelper   : (conn=85) Duplicate entry 'dup5' for key 'name'
2024-07-05T19:14:37.092+09:00  WARN 10616 --- [boardPrac] [ol-2-thread-997] o.h.engine.jdbc.spi.SqlExceptionHelper   : SQL Error: 1062, SQLState: 23000
2024-07-05T19:14:37.092+09:00 ERROR 10616 --- [boardPrac] [ol-2-thread-997] o.h.engine.jdbc.spi.SqlExceptionHelper   : (conn=92) Duplicate entry 'dup5' for key 'name'
could not execute statement [(conn=89) Duplicate entry 'dup5' for key 'name'] [insert into users (name) values (?) returning user_id]; SQL [insert into users (name) values (?) returning user_id]; constraint [name]
could not execute statement [(conn=84) Duplicate entry 'dup5' for key 'name'] [insert into users (name) values (?) returning user_id]; SQL [insert into users (name) values (?) returning user_id]; constraint [name]
could not execute statement [(conn=93) Duplicate entry 'dup5' for key 'name'] [insert into users (name) values (?) returning user_id]; SQL [insert into users (name) values (?) returning user_id]; constraint [name]
2024-07-05T19:14:37.093+09:00  WARN 10616 --- [boardPrac] [ol-2-thread-998] o.m.jdbc.message.server.ErrorPacket      : Error: 1062-23000: Duplicate entry 'dup5' for key 'name'
2024-07-05T19:14:37.093+09:00  WARN 10616 --- [boardPrac] [l-2-thread-1000] o.m.jdbc.message.server.ErrorPacket      : Error: 1062-23000: Duplicate entry 'dup5' for key 'name'
2024-07-05T19:14:37.093+09:00  WARN 10616 --- [boardPrac] [ol-2-thread-999] o.m.jdbc.message.server.ErrorPacket      : Error: 1062-23000: Duplicate entry 'dup5' for key 'name'
2024-07-05T19:14:37.093+09:00  WARN 10616 --- [boardPrac] [ol-2-thread-998] o.h.engine.jdbc.spi.SqlExceptionHelper   : SQL Error: 1062, SQLState: 23000
2024-07-05T19:14:37.093+09:00  WARN 10616 --- [boardPrac] [l-2-thread-1000] o.h.engine.jdbc.spi.SqlExceptionHelper   : SQL Error: 1062, SQLState: 23000
2024-07-05T19:14:37.093+09:00 ERROR 10616 --- [boardPrac] [ol-2-thread-998] o.h.engine.jdbc.spi.SqlExceptionHelper   : (conn=88) Duplicate entry 'dup5' for key 'name'
2024-07-05T19:14:37.093+09:00 ERROR 10616 --- [boardPrac] [l-2-thread-1000] o.h.engine.jdbc.spi.SqlExceptionHelper   : (conn=87) Duplicate entry 'dup5' for key 'name'
2024-07-05T19:14:37.093+09:00  WARN 10616 --- [boardPrac] [ol-2-thread-999] o.h.engine.jdbc.spi.SqlExceptionHelper   : SQL Error: 1062, SQLState: 23000
2024-07-05T19:14:37.093+09:00 ERROR 10616 --- [boardPrac] [ol-2-thread-999] o.h.engine.jdbc.spi.SqlExceptionHelper   : (conn=90) Duplicate entry 'dup5' for key 'name'
could not execute statement [(conn=91) Duplicate entry 'dup5' for key 'name'] [insert into users (name) values (?) returning user_id]; SQL [insert into users (name) values (?) returning user_id]; constraint [name]
could not execute statement [(conn=92) Duplicate entry 'dup5' for key 'name'] [insert into users (name) values (?) returning user_id]; SQL [insert into users (name) values (?) returning user_id]; constraint [name]
could not execute statement [(conn=85) Duplicate entry 'dup5' for key 'name'] [insert into users (name) values (?) returning user_id]; SQL [insert into users (name) values (?) returning user_id]; constraint [name]
could not execute statement [(conn=90) Duplicate entry 'dup5' for key 'name'] [insert into users (name) values (?) returning user_id]; SQL [insert into users (name) values (?) returning user_id]; constraint [name]
could not execute statement [(conn=87) Duplicate entry 'dup5' for key 'name'] [insert into users (name) values (?) returning user_id]; SQL [insert into users (name) values (?) returning user_id]; constraint [name]
could not execute statement [(conn=88) Duplicate entry 'dup5' for key 'name'] [insert into users (name) values (?) returning user_id]; SQL [insert into users (name) values (?) returning user_id]; constraint [name]
------------------------------
Success Count : 1
Failure Count : 999
]]></system-out>
  <system-err><![CDATA[]]></system-err>
</testsuite>
